[2022-07-07 16:48:14,887] {taskinstance.py:1159} INFO - Dependencies all met for <TaskInstance: last30days_covid.transform_and_load manual__2022-07-07T09:47:51.845960+00:00 [queued]>
[2022-07-07 16:48:14,916] {taskinstance.py:1159} INFO - Dependencies all met for <TaskInstance: last30days_covid.transform_and_load manual__2022-07-07T09:47:51.845960+00:00 [queued]>
[2022-07-07 16:48:14,916] {taskinstance.py:1356} INFO - 
--------------------------------------------------------------------------------
[2022-07-07 16:48:14,917] {taskinstance.py:1357} INFO - Starting attempt 1 of 1
[2022-07-07 16:48:14,917] {taskinstance.py:1358} INFO - 
--------------------------------------------------------------------------------
[2022-07-07 16:48:14,941] {taskinstance.py:1377} INFO - Executing <Task(BashOperator): transform_and_load> on 2022-07-07 09:47:51.845960+00:00
[2022-07-07 16:48:14,945] {standard_task_runner.py:52} INFO - Started process 17631 to run task
[2022-07-07 16:48:14,951] {standard_task_runner.py:79} INFO - Running: ['airflow', 'tasks', 'run', 'last30days_covid', 'transform_and_load', 'manual__2022-07-07T09:47:51.845960+00:00', '--job-id', '16', '--raw', '--subdir', 'DAGS_FOLDER/last30days_covid.py', '--cfg-path', '/tmp/tmpprh47z2_', '--error-file', '/tmp/tmp530lm1qu']
[2022-07-07 16:48:14,953] {standard_task_runner.py:80} INFO - Job 16: Subtask transform_and_load
[2022-07-07 16:48:15,150] {task_command.py:370} INFO - Running <TaskInstance: last30days_covid.transform_and_load manual__2022-07-07T09:47:51.845960+00:00 [running]> on host DESKTOP-FMPNIM0.localdomain
[2022-07-07 16:48:15,350] {taskinstance.py:1569} INFO - Exporting the following env vars:
AIRFLOW_CTX_DAG_OWNER=airflow
AIRFLOW_CTX_DAG_ID=last30days_covid
AIRFLOW_CTX_TASK_ID=transform_and_load
AIRFLOW_CTX_EXECUTION_DATE=2022-07-07T09:47:51.845960+00:00
AIRFLOW_CTX_TRY_NUMBER=1
AIRFLOW_CTX_DAG_RUN_ID=manual__2022-07-07T09:47:51.845960+00:00
[2022-07-07 16:48:15,351] {subprocess.py:62} INFO - Tmp dir root location: 
 /tmp
[2022-07-07 16:48:15,352] {subprocess.py:74} INFO - Running command: ['bash', '-c', '/home/luan/projects/covid_dashboard/pipelines/vn_etl/bash_scripts/last30days_etl/2_transformation.sh ']
[2022-07-07 16:48:15,366] {subprocess.py:85} INFO - Output:
[2022-07-07 16:48:18,171] {subprocess.py:96} INFO - Command exited with return code 0
[2022-07-07 16:48:18,215] {taskinstance.py:1395} INFO - Marking task as SUCCESS. dag_id=last30days_covid, task_id=transform_and_load, execution_date=20220707T094751, start_date=20220707T094814, end_date=20220707T094818
[2022-07-07 16:48:18,258] {local_task_job.py:156} INFO - Task exited with return code 0
[2022-07-07 16:48:18,433] {local_task_job.py:273} INFO - 0 downstream tasks scheduled from follow-on schedule check
