[2022-07-07 16:45:49,043] {taskinstance.py:1159} INFO - Dependencies all met for <TaskInstance: last30days_covid.extract manual__2022-07-07T09:45:47.583893+00:00 [queued]>
[2022-07-07 16:45:49,077] {taskinstance.py:1159} INFO - Dependencies all met for <TaskInstance: last30days_covid.extract manual__2022-07-07T09:45:47.583893+00:00 [queued]>
[2022-07-07 16:45:49,077] {taskinstance.py:1356} INFO - 
--------------------------------------------------------------------------------
[2022-07-07 16:45:49,077] {taskinstance.py:1357} INFO - Starting attempt 1 of 1
[2022-07-07 16:45:49,078] {taskinstance.py:1358} INFO - 
--------------------------------------------------------------------------------
[2022-07-07 16:45:49,103] {taskinstance.py:1377} INFO - Executing <Task(BashOperator): extract> on 2022-07-07 09:45:47.583893+00:00
[2022-07-07 16:45:49,106] {standard_task_runner.py:52} INFO - Started process 6296 to run task
[2022-07-07 16:45:49,114] {standard_task_runner.py:79} INFO - Running: ['airflow', 'tasks', 'run', 'last30days_covid', 'extract', 'manual__2022-07-07T09:45:47.583893+00:00', '--job-id', '13', '--raw', '--subdir', 'DAGS_FOLDER/last30days_covid.py', '--cfg-path', '/tmp/tmpcni_i5yu', '--error-file', '/tmp/tmpdo97li5s']
[2022-07-07 16:45:49,116] {standard_task_runner.py:80} INFO - Job 13: Subtask extract
[2022-07-07 16:45:49,271] {task_command.py:370} INFO - Running <TaskInstance: last30days_covid.extract manual__2022-07-07T09:45:47.583893+00:00 [running]> on host DESKTOP-FMPNIM0.localdomain
[2022-07-07 16:45:49,595] {taskinstance.py:1569} INFO - Exporting the following env vars:
AIRFLOW_CTX_DAG_OWNER=airflow
AIRFLOW_CTX_DAG_ID=last30days_covid
AIRFLOW_CTX_TASK_ID=extract
AIRFLOW_CTX_EXECUTION_DATE=2022-07-07T09:45:47.583893+00:00
AIRFLOW_CTX_TRY_NUMBER=1
AIRFLOW_CTX_DAG_RUN_ID=manual__2022-07-07T09:45:47.583893+00:00
[2022-07-07 16:45:49,596] {subprocess.py:62} INFO - Tmp dir root location: 
 /tmp
[2022-07-07 16:45:49,597] {subprocess.py:74} INFO - Running command: ['bash', '-c', '/home/luan/projects/covid_dashboard/pipelines/vn_etl/bash_scripts/last30days_etl/1_extract.sh ']
[2022-07-07 16:45:49,605] {subprocess.py:85} INFO - Output:
[2022-07-07 16:45:50,834] {subprocess.py:92} INFO - 2022-07-07 16:45:50 [scrapy.utils.log] INFO: Scrapy 2.6.1 started (bot: covid_crawler)
[2022-07-07 16:45:50,849] {subprocess.py:92} INFO - 2022-07-07 16:45:50 [scrapy.utils.log] INFO: Versions: lxml 4.9.0.0, libxml2 2.9.14, cssselect 1.1.0, parsel 1.6.0, w3lib 1.22.0, Twisted 22.4.0, Python 3.8.10 (default, Mar 15 2022, 12:22:08) - [GCC 9.4.0], pyOpenSSL 22.0.0 (OpenSSL 1.1.1n  15 Mar 2022), cryptography 36.0.2, Platform Linux-5.10.102.1-microsoft-standard-WSL2-x86_64-with-glibc2.29
[2022-07-07 16:45:50,855] {subprocess.py:92} INFO - 2022-07-07 16:45:50 [scrapy.crawler] INFO: Overridden settings:
[2022-07-07 16:45:50,855] {subprocess.py:92} INFO - {'BOT_NAME': 'covid_crawler',
[2022-07-07 16:45:50,855] {subprocess.py:92} INFO -  'DUPEFILTER_CLASS': 'scrapy_splash.SplashAwareDupeFilter',
[2022-07-07 16:45:50,856] {subprocess.py:92} INFO -  'HTTPCACHE_STORAGE': 'scrapy_splash.SplashAwareFSCacheStorage',
[2022-07-07 16:45:50,856] {subprocess.py:92} INFO -  'NEWSPIDER_MODULE': 'covid_crawler.spiders',
[2022-07-07 16:45:50,856] {subprocess.py:92} INFO -  'ROBOTSTXT_OBEY': True,
[2022-07-07 16:45:50,856] {subprocess.py:92} INFO -  'SPIDER_MODULES': ['covid_crawler.spiders']}
[2022-07-07 16:45:50,858] {subprocess.py:92} INFO - 2022-07-07 16:45:50 [scrapy.utils.log] DEBUG: Using reactor: twisted.internet.epollreactor.EPollReactor
[2022-07-07 16:45:50,881] {subprocess.py:92} INFO - 2022-07-07 16:45:50 [scrapy.extensions.telnet] INFO: Telnet Password: ff07ea8062736c1e
[2022-07-07 16:45:50,906] {subprocess.py:92} INFO - 2022-07-07 16:45:50 [scrapy.middleware] INFO: Enabled extensions:
[2022-07-07 16:45:50,906] {subprocess.py:92} INFO - ['scrapy.extensions.corestats.CoreStats',
[2022-07-07 16:45:50,907] {subprocess.py:92} INFO -  'scrapy.extensions.telnet.TelnetConsole',
[2022-07-07 16:45:50,907] {subprocess.py:92} INFO -  'scrapy.extensions.memusage.MemoryUsage',
[2022-07-07 16:45:50,907] {subprocess.py:92} INFO -  'scrapy.extensions.logstats.LogStats']
[2022-07-07 16:45:51,103] {subprocess.py:92} INFO - 2022-07-07 16:45:51 [scrapy.middleware] INFO: Enabled downloader middlewares:
[2022-07-07 16:45:51,103] {subprocess.py:92} INFO - ['scrapy.downloadermiddlewares.robotstxt.RobotsTxtMiddleware',
[2022-07-07 16:45:51,103] {subprocess.py:92} INFO -  'scrapy.downloadermiddlewares.httpauth.HttpAuthMiddleware',
[2022-07-07 16:45:51,103] {subprocess.py:92} INFO -  'scrapy.downloadermiddlewares.downloadtimeout.DownloadTimeoutMiddleware',
[2022-07-07 16:45:51,103] {subprocess.py:92} INFO -  'scrapy.downloadermiddlewares.defaultheaders.DefaultHeadersMiddleware',
[2022-07-07 16:45:51,103] {subprocess.py:92} INFO -  'scrapy.downloadermiddlewares.useragent.UserAgentMiddleware',
[2022-07-07 16:45:51,103] {subprocess.py:92} INFO -  'scrapy.downloadermiddlewares.retry.RetryMiddleware',
[2022-07-07 16:45:51,103] {subprocess.py:92} INFO -  'scrapy.downloadermiddlewares.redirect.MetaRefreshMiddleware',
[2022-07-07 16:45:51,103] {subprocess.py:92} INFO -  'scrapy.downloadermiddlewares.redirect.RedirectMiddleware',
[2022-07-07 16:45:51,103] {subprocess.py:92} INFO -  'scrapy.downloadermiddlewares.cookies.CookiesMiddleware',
[2022-07-07 16:45:51,104] {subprocess.py:92} INFO -  'scrapy_splash.SplashCookiesMiddleware',
[2022-07-07 16:45:51,104] {subprocess.py:92} INFO -  'scrapy_splash.SplashMiddleware',
[2022-07-07 16:45:51,104] {subprocess.py:92} INFO -  'scrapy.downloadermiddlewares.httpproxy.HttpProxyMiddleware',
[2022-07-07 16:45:51,104] {subprocess.py:92} INFO -  'scrapy.downloadermiddlewares.httpcompression.HttpCompressionMiddleware',
[2022-07-07 16:45:51,104] {subprocess.py:92} INFO -  'scrapy.downloadermiddlewares.stats.DownloaderStats']
[2022-07-07 16:45:51,106] {subprocess.py:92} INFO - 2022-07-07 16:45:51 [scrapy.middleware] INFO: Enabled spider middlewares:
[2022-07-07 16:45:51,106] {subprocess.py:92} INFO - ['scrapy.spidermiddlewares.httperror.HttpErrorMiddleware',
[2022-07-07 16:45:51,106] {subprocess.py:92} INFO -  'scrapy_splash.SplashDeduplicateArgsMiddleware',
[2022-07-07 16:45:51,106] {subprocess.py:92} INFO -  'scrapy.spidermiddlewares.offsite.OffsiteMiddleware',
[2022-07-07 16:45:51,106] {subprocess.py:92} INFO -  'scrapy.spidermiddlewares.referer.RefererMiddleware',
[2022-07-07 16:45:51,106] {subprocess.py:92} INFO -  'scrapy.spidermiddlewares.urllength.UrlLengthMiddleware',
[2022-07-07 16:45:51,106] {subprocess.py:92} INFO -  'scrapy.spidermiddlewares.depth.DepthMiddleware']
[2022-07-07 16:45:51,571] {subprocess.py:92} INFO - 2022-07-07 16:45:51 [scrapy.middleware] INFO: Enabled item pipelines:
[2022-07-07 16:45:51,572] {subprocess.py:92} INFO - ['covid_crawler.pipelines.MongoPipeline']
[2022-07-07 16:45:51,573] {subprocess.py:92} INFO - 2022-07-07 16:45:51 [scrapy.core.engine] INFO: Spider opened
[2022-07-07 16:45:52,461] {subprocess.py:92} INFO - 2022-07-07 16:45:52 [pymongo.ocsp_support] DEBUG: Peer did not staple an OCSP response
[2022-07-07 16:45:52,461] {subprocess.py:92} INFO - 2022-07-07 16:45:52 [pymongo.ocsp_support] DEBUG: Requesting OCSP data
[2022-07-07 16:45:52,462] {subprocess.py:92} INFO - 2022-07-07 16:45:52 [pymongo.ocsp_support] DEBUG: Trying http://r3.o.lencr.org
[2022-07-07 16:45:52,479] {subprocess.py:92} INFO - 2022-07-07 16:45:52 [urllib3.connectionpool] DEBUG: Starting new HTTP connection (1): r3.o.lencr.org:80
[2022-07-07 16:45:52,722] {subprocess.py:92} INFO - 2022-07-07 16:45:52 [pymongo.ocsp_support] DEBUG: Peer did not staple an OCSP response
[2022-07-07 16:45:52,723] {subprocess.py:92} INFO - 2022-07-07 16:45:52 [pymongo.ocsp_support] DEBUG: Requesting OCSP data
[2022-07-07 16:45:52,724] {subprocess.py:92} INFO - 2022-07-07 16:45:52 [pymongo.ocsp_support] DEBUG: Trying http://r3.o.lencr.org
[2022-07-07 16:45:52,743] {subprocess.py:92} INFO - 2022-07-07 16:45:52 [urllib3.connectionpool] DEBUG: Starting new HTTP connection (1): r3.o.lencr.org:80
[2022-07-07 16:45:52,955] {subprocess.py:92} INFO - 2022-07-07 16:45:52 [pymongo.ocsp_support] DEBUG: Peer did not staple an OCSP response
[2022-07-07 16:45:52,955] {subprocess.py:92} INFO - 2022-07-07 16:45:52 [pymongo.ocsp_support] DEBUG: Requesting OCSP data
[2022-07-07 16:45:52,956] {subprocess.py:92} INFO - 2022-07-07 16:45:52 [pymongo.ocsp_support] DEBUG: Trying http://r3.o.lencr.org
[2022-07-07 16:45:52,962] {subprocess.py:92} INFO - 2022-07-07 16:45:52 [urllib3.connectionpool] DEBUG: http://r3.o.lencr.org:80 "POST / HTTP/1.1" 200 503
[2022-07-07 16:45:52,963] {subprocess.py:92} INFO - 2022-07-07 16:45:52 [pymongo.ocsp_support] DEBUG: OCSP response status: <OCSPResponseStatus.SUCCESSFUL: 0>
[2022-07-07 16:45:52,963] {subprocess.py:92} INFO - 2022-07-07 16:45:52 [pymongo.ocsp_support] DEBUG: Verifying response
[2022-07-07 16:45:52,965] {subprocess.py:92} INFO - 2022-07-07 16:45:52 [pymongo.ocsp_support] DEBUG: Responder is issuer
[2022-07-07 16:45:52,966] {subprocess.py:92} INFO - 2022-07-07 16:45:52 [pymongo.ocsp_support] DEBUG: Caching OCSP response.
[2022-07-07 16:45:52,967] {subprocess.py:92} INFO - 2022-07-07 16:45:52 [pymongo.ocsp_support] DEBUG: OCSP cert status: <OCSPCertStatus.GOOD: 0>
[2022-07-07 16:45:52,974] {subprocess.py:92} INFO - 2022-07-07 16:45:52 [urllib3.connectionpool] DEBUG: Starting new HTTP connection (1): r3.o.lencr.org:80
[2022-07-07 16:45:53,036] {subprocess.py:92} INFO - 2022-07-07 16:45:53 [urllib3.connectionpool] DEBUG: http://r3.o.lencr.org:80 "POST / HTTP/1.1" 200 503
[2022-07-07 16:45:53,037] {subprocess.py:92} INFO - 2022-07-07 16:45:53 [pymongo.ocsp_support] DEBUG: OCSP response status: <OCSPResponseStatus.SUCCESSFUL: 0>
[2022-07-07 16:45:53,037] {subprocess.py:92} INFO - 2022-07-07 16:45:53 [pymongo.ocsp_support] DEBUG: Verifying response
[2022-07-07 16:45:53,038] {subprocess.py:92} INFO - 2022-07-07 16:45:53 [pymongo.ocsp_support] DEBUG: Responder is issuer
[2022-07-07 16:45:53,039] {subprocess.py:92} INFO - 2022-07-07 16:45:53 [pymongo.ocsp_support] DEBUG: Caching OCSP response.
[2022-07-07 16:45:53,039] {subprocess.py:92} INFO - 2022-07-07 16:45:53 [pymongo.ocsp_support] DEBUG: OCSP cert status: <OCSPCertStatus.GOOD: 0>
[2022-07-07 16:45:53,148] {subprocess.py:92} INFO - 2022-07-07 16:45:53 [pymongo.ocsp_support] DEBUG: Peer did not staple an OCSP response
[2022-07-07 16:45:53,151] {subprocess.py:92} INFO - 2022-07-07 16:45:53 [pymongo.ocsp_support] DEBUG: Requesting OCSP data
[2022-07-07 16:45:53,152] {subprocess.py:92} INFO - 2022-07-07 16:45:53 [pymongo.ocsp_support] DEBUG: Trying http://r3.o.lencr.org
[2022-07-07 16:45:53,153] {subprocess.py:92} INFO - 2022-07-07 16:45:53 [pymongo.ocsp_support] DEBUG: Using cached OCSP response.
[2022-07-07 16:45:53,153] {subprocess.py:92} INFO - 2022-07-07 16:45:53 [pymongo.ocsp_support] DEBUG: OCSP cert status: <OCSPCertStatus.GOOD: 0>
[2022-07-07 16:45:53,209] {subprocess.py:92} INFO - 2022-07-07 16:45:53 [pymongo.ocsp_support] DEBUG: Peer did not staple an OCSP response
[2022-07-07 16:45:53,212] {subprocess.py:92} INFO - 2022-07-07 16:45:53 [pymongo.ocsp_support] DEBUG: Peer did not staple an OCSP response
[2022-07-07 16:45:53,212] {subprocess.py:92} INFO - 2022-07-07 16:45:53 [pymongo.ocsp_support] DEBUG: Requesting OCSP data
[2022-07-07 16:45:53,212] {subprocess.py:92} INFO - 2022-07-07 16:45:53 [pymongo.ocsp_support] DEBUG: Trying http://r3.o.lencr.org
[2022-07-07 16:45:53,212] {subprocess.py:92} INFO - 2022-07-07 16:45:53 [pymongo.ocsp_support] DEBUG: Using cached OCSP response.
[2022-07-07 16:45:53,212] {subprocess.py:92} INFO - 2022-07-07 16:45:53 [pymongo.ocsp_support] DEBUG: OCSP cert status: <OCSPCertStatus.GOOD: 0>
[2022-07-07 16:45:53,214] {subprocess.py:92} INFO - 2022-07-07 16:45:53 [pymongo.ocsp_support] DEBUG: Requesting OCSP data
[2022-07-07 16:45:53,214] {subprocess.py:92} INFO - 2022-07-07 16:45:53 [pymongo.ocsp_support] DEBUG: Trying http://r3.o.lencr.org
[2022-07-07 16:45:53,217] {subprocess.py:92} INFO - 2022-07-07 16:45:53 [urllib3.connectionpool] DEBUG: http://r3.o.lencr.org:80 "POST / HTTP/1.1" 200 503
[2022-07-07 16:45:53,218] {subprocess.py:92} INFO - 2022-07-07 16:45:53 [pymongo.ocsp_support] DEBUG: OCSP response status: <OCSPResponseStatus.SUCCESSFUL: 0>
[2022-07-07 16:45:53,218] {subprocess.py:92} INFO - 2022-07-07 16:45:53 [pymongo.ocsp_support] DEBUG: Verifying response
[2022-07-07 16:45:53,218] {subprocess.py:92} INFO - 2022-07-07 16:45:53 [pymongo.ocsp_support] DEBUG: Responder is issuer
[2022-07-07 16:45:53,218] {subprocess.py:92} INFO - 2022-07-07 16:45:53 [pymongo.ocsp_support] DEBUG: Caching OCSP response.
[2022-07-07 16:45:53,218] {subprocess.py:92} INFO - 2022-07-07 16:45:53 [pymongo.ocsp_support] DEBUG: OCSP cert status: <OCSPCertStatus.GOOD: 0>
[2022-07-07 16:45:53,220] {subprocess.py:92} INFO - 2022-07-07 16:45:53 [pymongo.ocsp_support] DEBUG: Using cached OCSP response.
[2022-07-07 16:45:53,221] {subprocess.py:92} INFO - 2022-07-07 16:45:53 [pymongo.ocsp_support] DEBUG: OCSP cert status: <OCSPCertStatus.GOOD: 0>
[2022-07-07 16:45:53,382] {subprocess.py:92} INFO - 2022-07-07 16:45:53 [pymongo.ocsp_support] DEBUG: Peer did not staple an OCSP response
[2022-07-07 16:45:53,383] {subprocess.py:92} INFO - 2022-07-07 16:45:53 [pymongo.ocsp_support] DEBUG: Requesting OCSP data
[2022-07-07 16:45:53,383] {subprocess.py:92} INFO - 2022-07-07 16:45:53 [pymongo.ocsp_support] DEBUG: Trying http://r3.o.lencr.org
[2022-07-07 16:45:53,384] {subprocess.py:92} INFO - 2022-07-07 16:45:53 [pymongo.ocsp_support] DEBUG: Using cached OCSP response.
[2022-07-07 16:45:53,385] {subprocess.py:92} INFO - 2022-07-07 16:45:53 [pymongo.ocsp_support] DEBUG: OCSP cert status: <OCSPCertStatus.GOOD: 0>
[2022-07-07 16:45:53,432] {subprocess.py:92} INFO - 2022-07-07 16:45:53 [scrapy.extensions.logstats] INFO: Crawled 0 pages (at 0 pages/min), scraped 0 items (at 0 items/min)
[2022-07-07 16:45:53,434] {subprocess.py:92} INFO - 2022-07-07 16:45:53 [scrapy.extensions.telnet] INFO: Telnet console listening on 127.0.0.1:6023
[2022-07-07 16:45:53,436] {subprocess.py:92} INFO - 2022-07-07 16:45:53 [py.warnings] WARNING: /home/luan/.local/lib/python3.8/site-packages/scrapy_splash/request.py:42: ScrapyDeprecationWarning: Call to deprecated function to_native_str. Use to_unicode instead.
[2022-07-07 16:45:53,436] {subprocess.py:92} INFO -   url = to_native_str(url)
[2022-07-07 16:45:53,436] {subprocess.py:92} INFO - 
[2022-07-07 16:45:53,658] {subprocess.py:92} INFO - 2022-07-07 16:45:53 [scrapy.core.engine] DEBUG: Crawled (200) <GET https://covid19.gov.vn/robots.txt> (referer: None)
[2022-07-07 16:45:53,659] {subprocess.py:92} INFO - 2022-07-07 16:45:53 [protego] DEBUG: Rule at line 1 without any user agent to enforce it on.
[2022-07-07 16:45:53,659] {subprocess.py:92} INFO - 2022-07-07 16:45:53 [protego] DEBUG: Rule at line 2 without any user agent to enforce it on.
[2022-07-07 16:46:07,120] {subprocess.py:92} INFO - 2022-07-07 16:46:07 [scrapy.core.engine] DEBUG: Crawled (200) <GET https://covid19.gov.vn/big-story/cap-nhat-dien-bien-dich-covid-19-moi-nhat-hom-nay-171210901111435028.htm via http://localhost:8050/execute> (referer: None)
[2022-07-07 16:46:07,330] {subprocess.py:92} INFO - 2022-07-07 16:46:07 [scrapy.core.scraper] DEBUG: Scraped from <200 https://covid19.gov.vn/big-story/cap-nhat-dien-bien-dich-covid-19-moi-nhat-hom-nay-171210901111435028.htm>
[2022-07-07 16:46:07,330] {subprocess.py:92} INFO - {'date': '17:40 - 29/06/2022', 'content': 'Các tỉnh, thành phố ghi nhận ca bệnh như sau: \xa0Hà Nội (191), Bắc Ninh (74), Nghệ An (42), Hồ Chí Minh (35), Quảng Ninh (34), Lào Cai (31), Yên Bái (28), Quảng Bình (24), Ninh Bình (24), Hà Nam (23), Hải Dương (21), Phú Thọ (20), Vĩnh Phúc (17), Thái Nguyên (14), Cao Bằng (14), Tuyên Quang (14), Sơn La (14), Thái Bình (13), Bắc Giang (12), Bắc Kạn (12), Quảng Trị (11), Thanh Hóa (11), Nam Định (10), Đà Nẵng (10), Hưng Yên (10), Hòa Bình (9), Quảng Ngãi (8), Lạng Sơn (8), Hà Tĩnh (7), Hải Phòng (7), Điện Biên (4), Khánh Hòa (4), Lâm Đồng (4), Bình Dương (3), Đồng Tháp (3), Lai Châu (2), Gia Lai (2), Tây Ninh (2), Bình Thuận (1), Bình Phước (1), Đồng Nai (1), Bà Rịa - Vũng Tàu (1), Bến Tre (1).'}
[2022-07-07 16:46:07,404] {subprocess.py:92} INFO - 2022-07-07 16:46:07 [scrapy.core.scraper] DEBUG: Scraped from <200 https://covid19.gov.vn/big-story/cap-nhat-dien-bien-dich-covid-19-moi-nhat-hom-nay-171210901111435028.htm>
[2022-07-07 16:46:07,404] {subprocess.py:92} INFO - {'date': '17:43 - 28/06/2022', 'content': 'Các tỉnh, thành phố ghi nhận ca bệnh như sau: Hà Nội (158), Phú Thọ (62), Nghệ An (54), Bắc Ninh (40), Sơn La (40), Đà Nẵng (38), TP. Hồ Chí Minh (32), Yên Bái (32), Lào Cai (27), Quảng Ninh (26), Hòa Bình (26), Hà Nam (21), Vĩnh Phúc (21), Bắc Kạn (17), Hưng Yên (16), Tuyên Quang (15), Cao Bằng (14), Thái Bình (13), Hải Dương (13), Quảng Bình (12), Ninh Bình (11), Thái Nguyên (11), Nam Định (11), Hải Phòng (9), Quảng Trị (8 ), Thanh Hóa (7), Khánh Hòa (6), Lạng Sơn (5), Lâm Đồng (5), Bà Rịa - Vũng Tàu (4), Điện Biên (4), Bắc Giang (3), Lai Châu (2), Bình Thuận (2), Bến Tre (2), Đồng Tháp (1), Cà Mau (1).'}
[2022-07-07 16:46:07,456] {subprocess.py:92} INFO - 2022-07-07 16:46:07 [scrapy.core.scraper] DEBUG: Scraped from <200 https://covid19.gov.vn/big-story/cap-nhat-dien-bien-dich-covid-19-moi-nhat-hom-nay-171210901111435028.htm>
[2022-07-07 16:46:07,456] {subprocess.py:92} INFO - {'date': '17:41 - 27/06/2022', 'content': 'Các tỉnh, thành phố ghi nhận ca bệnh như sau: Hà Nội (188), Hải Phòng (64), Đà Nẵng (62), Yên Bái (31), Quảng Ninh (21), Hải Dương (21), Lào Cai (19), Phú Thọ (19), TP. Hồ Chí Minh (14), Vĩnh Phúc (13), Hưng Yên (12), Thái Bình (12), Thái Nguyên (12), Lạng Sơn (11), Hòa Bình (11), Bắc Kạn (10), Nghệ An (10), Sơn La (9), Quảng Bình (9), Điện Biên (8), Tuyên Quang (8 ), Cao Bằng (8 ), Quảng Ngãi (7), Hà Nam (7), Quảng Trị (6), Thanh Hóa (6), Bắc Giang (6), Ninh Bình (5), Hà Giang (5), Nam Định (5), Bình Dương (5), Lâm Đồng (4), Hà Tĩnh (2), Gia Lai (2), Khánh Hòa (1), Tây Ninh (1), Bình Định (1), Quảng Nam (1), Cần Thơ (1).'}
[2022-07-07 16:46:07,509] {subprocess.py:92} INFO - 2022-07-07 16:46:07 [scrapy.core.scraper] DEBUG: Scraped from <200 https://covid19.gov.vn/big-story/cap-nhat-dien-bien-dich-covid-19-moi-nhat-hom-nay-171210901111435028.htm>
[2022-07-07 16:46:07,509] {subprocess.py:92} INFO - {'date': '17:40 - 26/06/2022', 'content': 'Các tỉnh, thành phố ghi nhận ca bệnh như sau: Hà Nội (177), TP. Hồ Chí Minh (32), Bắc Ninh (32), Phú Thọ (26), Quảng Ninh (21), Nghệ An (21), Bắc Kạn (20), Quảng Bình (18), Lào Cai (16), Vĩnh Phúc (14), Thái Nguyên (14), Tuyên Quang (14), Đà Nẵng (14), Thanh Hóa (12), Thái Bình (12), Thừa Thiên Huế (12), Sơn La (11), Nam Định (11), Ninh Bình (11), Yên Bái (11), Quảng Trị (10), Hà Nam (10), Hòa Bình (9), Lâm Đồng (6), Hải Dương (6), Cao Bằng (6), Điện Biên (3), Hưng Yên (2), Khánh Hòa (2), Lai Châu (2), Quảng Nam (1), Bến Tre (1).'}
[2022-07-07 16:46:07,562] {subprocess.py:92} INFO - 2022-07-07 16:46:07 [scrapy.core.scraper] DEBUG: Scraped from <200 https://covid19.gov.vn/big-story/cap-nhat-dien-bien-dich-covid-19-moi-nhat-hom-nay-171210901111435028.htm>
[2022-07-07 16:46:07,562] {subprocess.py:92} INFO - {'date': '17:37 - 25/06/2022', 'content': 'Các tỉnh, thành phố ghi nhận ca bệnh như sau: Hà Nội (169), Bắc Ninh (53), Phú Thọ (45), Yên Bái (43), Lào Cai (34), TP. Hồ Chí Minh (27), Quảng Ninh (22), Quảng Bình (21), Nghệ An (21), Hải Phòng (18), Vĩnh Phúc (17), Đà Nẵng (15), Hòa Bình (15), Hà Nam (14), Thái Nguyên (13), Ninh Bình (12), Cao Bằng (12), Thái Bình (12), Hưng Yên (11), Thanh Hóa (9), Quảng Trị (9), Tuyên Quang (9), Nam Định (8 ), Hải Dương (7), Lâm Đồng (7), Điện Biên (6), Sơn La (5), Lai Châu (5), Khánh Hòa (5), Tây Ninh (3), Vĩnh Long (3), Bình Định (2), Bà Rịa - Vũng Tàu (2), Bình Phước (1), Lạng Sơn (1), Đồng Tháp (1).'}
[2022-07-07 16:46:07,616] {subprocess.py:92} INFO - 2022-07-07 16:46:07 [scrapy.core.scraper] DEBUG: Scraped from <200 https://covid19.gov.vn/big-story/cap-nhat-dien-bien-dich-covid-19-moi-nhat-hom-nay-171210901111435028.htm>
[2022-07-07 16:46:07,617] {subprocess.py:92} INFO - {'date': '17:43 - 24/06/2022', 'content': 'Các tỉnh, thành phố ghi nhận ca bệnh như sau: Hà Nội (162), Đà Nẵng (47), Yên Bái (42), Phú Thọ (39), Quảng Ninh (31), Nghệ An (31), Lào Cai (27), TP. Hồ Chí Minh (24), Quảng Trị (16), Tuyên Quang (15), Thái Bình (14), Thái Nguyên (14), Cao Bằng (13), Sơn La (13), Bắc Kạn (12), Vĩnh Phúc (12), Nam Định (12), Hà Tĩnh (11), Hà Nam (10), Hòa Bình (10), Lạng Sơn (9), Lai Châu (8 ), Hải Dương (8 ), Hưng Yên (8 ), Hà Giang (8 ), Ninh Bình (8 ), Lâm Đồng (7), Quảng Bình (7), Thanh Hóa (6), Quảng Ngãi (5), Bến Tre (5), Phú Yên (4), Điện Biên (4), Bình Định (3), Gia Lai (3), Khánh Hòa (2), Đồng Tháp (2), Bắc Giang (1).'}
[2022-07-07 16:46:07,669] {subprocess.py:92} INFO - 2022-07-07 16:46:07 [scrapy.core.scraper] DEBUG: Scraped from <200 https://covid19.gov.vn/big-story/cap-nhat-dien-bien-dich-covid-19-moi-nhat-hom-nay-171210901111435028.htm>
[2022-07-07 16:46:07,669] {subprocess.py:92} INFO - {'date': '17:44 - 23/06/2022', 'content': 'Các tỉnh, thành phố ghi nhận ca bệnh như sau: Hà Nội (154), Bắc Ninh (54), Nghệ An (51), Yên Bái (40), Đà Nẵng (40), Phú Thọ (39), TP. Hồ Chí Minh (38), Quảng Ninh (33), Lào Cai (26), Vĩnh Phúc (22), Hải Dương (20), Hà Nam (18), Thái Nguyên (16), Thái Bình (15), Bắc Kạn (15), Hòa Bình (13), Điện Biên (13), Nam Định (13), Ninh Bình (12), Lai Châu (12), Sơn La (11), Hưng Yên (11), Tuyên Quang (11), Hà Giang (9), Quảng Bình (9), Cao Bằng (8 ), Quảng Ngãi (6), Hải Phòng (6), Thanh Hóa (5), Gia Lai (4), Lạng Sơn (4), Quảng Trị (3), Khánh Hòa (3), Bà Rịa - Vũng Tàu (2), Hậu Giang (2), Lâm Đồng (1), Bình Phước (1).'}
[2022-07-07 16:46:07,722] {subprocess.py:92} INFO - 2022-07-07 16:46:07 [scrapy.core.scraper] DEBUG: Scraped from <200 https://covid19.gov.vn/big-story/cap-nhat-dien-bien-dich-covid-19-moi-nhat-hom-nay-171210901111435028.htm>
[2022-07-07 16:46:07,722] {subprocess.py:92} INFO - {'date': '17:45 - 22/06/2022', 'content': 'Các tỉnh, thành phố ghi nhận ca bệnh như sau: Hà Nội (149), Hải Phòng (88), Đà Nẵng (61), Nghệ An (51), Bắc Ninh (50), Yên Bái (45), Phú Thọ (34), Quảng Ninh (28), Lào Cai (26), Vĩnh Phúc (25), TP. Hồ Chí Minh (25), Quảng Bình (22), Sơn La (17), Bạc Liêu (16), Hà Giang (15), Thái Bình (15), Hà Nam (15), Thái Nguyên (15), Ninh Bình (14), Hà Tĩnh (14), Bắc Kạn (13), Hòa Bình (12), Hải Dương (11), Nam Định (11), Thanh Hóa (11), Tuyên Quang (11), Quảng Trị (10), Lâm Đồng (9), Đồng Tháp (9), Cao Bằng (8 ), Bến Tre (7), Thừa Thiên Huế (7), Bắc Giang (7), Điện Biên (6), Cà Mau (6), Hưng Yên (6), Bình Định (5), Lạng Sơn (5), Bà Rịa - Vũng Tàu (4), Gia Lai (2), Bình Phước (1), Lai Châu (1), Hậu Giang (1).'}
[2022-07-07 16:46:07,778] {subprocess.py:92} INFO - 2022-07-07 16:46:07 [scrapy.core.scraper] DEBUG: Scraped from <200 https://covid19.gov.vn/big-story/cap-nhat-dien-bien-dich-covid-19-moi-nhat-hom-nay-171210901111435028.htm>
[2022-07-07 16:46:07,778] {subprocess.py:92} INFO - {'date': '17:45 - 21/06/2022', 'content': 'Các tỉnh, thành phố ghi nhận ca bệnh như sau: Hà Nội (145), Phú Thọ (74), Nghệ An (44), Lào Cai (42), Bắc Ninh (37), Yên Bái (34), TP. Hồ Chí Minh (26), Quảng Ninh (25), Hà Nam (22), Hải Dương (21), Bắc Giang (19), Vĩnh Phúc (19), Cao Bằng (17), Hòa Bình (16), Hưng Yên (16), Bà Rịa - Vũng Tàu (15), Đà Nẵng (15), Thái Bình (15), Quảng Bình (14), Thái Nguyên (13), Tuyên Quang (13), Quảng Ngãi (12), Lai Châu (11), Quảng Trị (10), Long An (9), Bắc Kạn (9), Nam Định (8 ), Sơn La (8 ), Lâm Đồng (8 ), Lạng Sơn (7), Thanh Hóa (5), Ninh Bình (5), Tây Ninh (4), Đồng Tháp (2), Gia Lai (2), Hải Phòng (2), Bình Dương (1), Bình Phước (1), Bình Định (1), Kiên Giang (1).'}
[2022-07-07 16:46:07,830] {subprocess.py:92} INFO - 2022-07-07 16:46:07 [scrapy.core.scraper] DEBUG: Scraped from <200 https://covid19.gov.vn/big-story/cap-nhat-dien-bien-dich-covid-19-moi-nhat-hom-nay-171210901111435028.htm>
[2022-07-07 16:46:07,830] {subprocess.py:92} INFO - {'date': '17:46 - 20/06/2022', 'content': 'Các tỉnh, thành phố ghi nhận ca bệnh như sau: Hà Nội (141), Đà Nẵng (27), Phú Thọ (27), Yên Bái (24), Quảng Ninh (23), Hải Dương (22), Hưng Yên (20), Nghệ An (17), Nam Định (15), Thái Bình (14), Thái Nguyên (14), Lào Cai (13), Bắc Ninh (11), Quảng Bình (11), Bắc Giang (10), Hà Giang (10), Bạc Liêu (9), Vĩnh Phúc (9), Hải Phòng (9), Quảng Ngãi (9), TP. Hồ Chí Minh (8 ), Lâm Đồng (8 ), Sơn La (7), Thanh Hóa (7), Cao Bằng (6), Bắc Kạn (6), Hà Nam (6), Tây Ninh (5), Hòa Bình (5), Ninh Bình (5), Tuyên Quang (5), Bình Định (3), Khánh Hòa (2), Điện Biên (2), Vĩnh Long (2), Hà Tĩnh (2), Quảng Nam (1), Bình Phước (1), Bình Dương (1), Bà Rịa - Vũng Tàu (1), Bến Tre (1), Hậu Giang (1).'}
[2022-07-07 16:46:07,882] {subprocess.py:92} INFO - 2022-07-07 16:46:07 [scrapy.core.scraper] DEBUG: Scraped from <200 https://covid19.gov.vn/big-story/cap-nhat-dien-bien-dich-covid-19-moi-nhat-hom-nay-171210901111435028.htm>
[2022-07-07 16:46:07,882] {subprocess.py:92} INFO - {'date': '17:45 - 19/06/2022', 'content': 'Các tỉnh, thành phố ghi nhận ca bệnh như sau: Hà Nội (140), Nghệ An (30), Lào Cai (27), Quảng Ninh (25), Phú Thọ (25), TP. Hồ Chí Minh (24), Đà Nẵng (24), Bắc Ninh (21), Tuyên Quang (20), Yên Bái (15), Thái Nguyên (15), Thái Bình (14), Nam Định (14), Sơn La (12), Hòa Bình (12), Hà Giang (12), Quảng Bình (11), Hải Phòng (9), Vĩnh Phúc (9), Hải Dương (8 ), Cao Bằng (8 ), Thanh Hóa (8 ), Bắc Giang (7), Hưng Yên (6), Lâm Đồng (5), Bắc Kạn (5), Quảng Trị (5), Ninh Bình (4), Hà Nam (4), Thừa Thiên Huế (3), Điện Biên (2), Bình Định (2), Lạng Sơn (2), Lai Châu (1), Khánh Hòa (1), Bình Phước (1), Bà Rịa - Vũng Tàu (1), Bến Tre (1).'}
[2022-07-07 16:46:07,935] {subprocess.py:92} INFO - 2022-07-07 16:46:07 [scrapy.core.scraper] DEBUG: Scraped from <200 https://covid19.gov.vn/big-story/cap-nhat-dien-bien-dich-covid-19-moi-nhat-hom-nay-171210901111435028.htm>
[2022-07-07 16:46:07,935] {subprocess.py:92} INFO - {'date': '17:43 - 18/06/2022', 'content': 'Các tỉnh, thành phố ghi nhận ca bệnh như sau: Hà Nội (141), Nghệ An (48), TP. Hồ Chí Minh (39), Phú Thọ (36), Lào Cai (33), Bắc Ninh (32), Yên Bái (32), Hải Phòng (30), Quảng Ninh (26), Đà Nẵng (24), Nam Định (19), Tuyên Quang (18), Vĩnh Phúc (17), Thái Bình (16), Thái Nguyên (16), Bắc Kạn (16), Ninh Bình (15), Hải Dương (13), Bắc Giang (13), Hà Giang (12), Sơn La (12), Quảng Trị (12), Quảng Bình (12), Hà Nam (12), Lâm Đồng (7), Bình Phước (7), Cao Bằng (7), Hòa Bình (6), Lạng Sơn (6), Hưng Yên (6), Thanh Hóa (5), Lai Châu (3), Điện Biên (2), Khánh Hòa (2), Bến Tre (2), Đồng Tháp (2).'}
[2022-07-07 16:46:08,007] {subprocess.py:92} INFO - 2022-07-07 16:46:08 [scrapy.core.scraper] DEBUG: Scraped from <200 https://covid19.gov.vn/big-story/cap-nhat-dien-bien-dich-covid-19-moi-nhat-hom-nay-171210901111435028.htm>
[2022-07-07 16:46:08,008] {subprocess.py:92} INFO - {'date': '17:38 - 17/06/2022', 'content': 'Các tỉnh, thành phố ghi nhận ca bệnh như sau: Hà Nội (142), Phú Thọ (50), Nghệ An (37), Lào Cai (32), Vĩnh Phúc (29), Đà Nẵng (28), Quảng Ninh (27), Yên Bái (27), TP. Hồ Chí Minh (24), Tuyên Quang (24), Bắc Ninh (22), Nam Định (19), Thái Nguyên (17), Thừa Thiên Huế (17), Quảng Bình (16), Thái Bình (16), Hòa Bình (15), Bắc Giang (14), Hưng Yên (13), Hà Nam (13), Ninh Bình (12), Bắc Kạn (12), Cao Bằng (11), Hà Giang (11), Lạng Sơn (9), Hải Phòng (9), Sơn La (9), Hải Dương (8 ), Đồng Tháp (8 ), Lâm Đồng (7), Thanh Hóa (6), Quảng Trị (5), Lai Châu (5), Bình Định (5), Điện Biên (4), Bình Phước (4), Bà Rịa - Vũng Tàu (3), Vĩnh Long (2), Bến Tre (2), Khánh Hòa (2), Phú Yên (2), Đồng Nai (1), Bình Thuận (1), Quảng Ngãi (1), Quảng Nam (1), Bạc Liêu (1).'}
[2022-07-07 16:46:08,059] {subprocess.py:92} INFO - 2022-07-07 16:46:08 [scrapy.core.scraper] DEBUG: Scraped from <200 https://covid19.gov.vn/big-story/cap-nhat-dien-bien-dich-covid-19-moi-nhat-hom-nay-171210901111435028.htm>
[2022-07-07 16:46:08,059] {subprocess.py:92} INFO - {'date': '17:44 - 16/06/2022', 'content': 'Các tỉnh, thành phố ghi nhận ca bệnh như sau: Hà Nội (145), Đà Nẵng (48), Nghệ An (45), Bắc Ninh (42), Vĩnh Phúc (36), TP. Hồ Chí Minh (31), Lào Cai (30), Phú Thọ (28), Quảng Ninh (27), Yên Bái (27), Bắc Kạn (20), Nam Định (20), Hải Phòng (20), Hà Nam (19), Tuyên Quang (18), Thái Nguyên (18), Quảng Bình (18), Hưng Yên (16), Thái Bình (16), Ninh Bình (14), Sơn La (14), Quảng Trị (13), Hải Dương (13), Hà Giang (11), Lai Châu (10), Hòa Bình (10), Lạng Sơn (8 ), Bà Rịa - Vũng Tàu (8 ), Thanh Hóa (7), Cao Bằng (6), Lâm Đồng (6), Bắc Giang (5), Điện Biên (5), Khánh Hòa (3), Gia Lai (3), Bến Tre (3), Phú Yên (2), Bình Dương (2), Đồng Tháp (2), Bình Thuận (1), Bình Định (1), Bình Phước (1), Quảng Nam (1), An Giang (1).'}
[2022-07-07 16:46:08,111] {subprocess.py:92} INFO - 2022-07-07 16:46:08 [scrapy.core.scraper] DEBUG: Scraped from <200 https://covid19.gov.vn/big-story/cap-nhat-dien-bien-dich-covid-19-moi-nhat-hom-nay-171210901111435028.htm>
[2022-07-07 16:46:08,112] {subprocess.py:92} INFO - {'date': '17:45 - 15/06/2022', 'content': 'Các tỉnh, thành phố ghi nhận ca bệnh như sau: Hà Nội (148), Hải Phòng (123), Nghệ An (43), Bắc Ninh (40), Phú Thọ (40), Đà Nẵng (33), Quảng Bình (32), Yên Bái (32), Lào Cai (30), Quảng Ninh (28), Hà Nam (26), Bắc Kạn (21), TP. Hồ Chí Minh (21), Nam Định (20), Tuyên Quang (18), Hưng Yên (18), Thái Nguyên (17), Hải Dương (16), Thái Bình (15), Quảng Trị (15), Hòa Bình (14), Vĩnh Phúc (14), Đồng Tháp (10), Ninh Bình (10), Hà Tĩnh (9), Sơn La (9), Lạng Sơn (8 ), Cao Bằng (7), Bà Rịa - Vũng Tàu (7), Thanh Hóa (5), Bình Định (5), Gia Lai (5), Lai Châu (5), Điện Biên (3), Khánh Hòa (3), Bến Tre (3), Bắc Giang (3), Quảng Ngãi (2), Bình Phước (2), Tây Ninh (2), Đồng Nai (2), Bình Dương (1), Hậu Giang (1).'}
[2022-07-07 16:46:08,172] {subprocess.py:92} INFO - 2022-07-07 16:46:08 [scrapy.core.scraper] DEBUG: Scraped from <200 https://covid19.gov.vn/big-story/cap-nhat-dien-bien-dich-covid-19-moi-nhat-hom-nay-171210901111435028.htm>
[2022-07-07 16:46:08,173] {subprocess.py:92} INFO - {'date': '17:45 - 14/06/2022', 'content': 'Các tỉnh, thành phố ghi nhận ca bệnh như sau: Hà Nội (151), Đà Nẵng (64), Phú Thọ (56), Yên Bái (46), Lai Châu (45), Nghệ An (37), Bắc Ninh (36), Lào Cai (28), Hải Dương (27), Tuyên Quang (27), Vĩnh Phúc (25), Hòa Bình (25), Quảng Bình (25), Quảng Ninh (24), Bắc Kạn (23), Nam Định (22), TP. Hồ Chí Minh (19), Sơn La (16), Thái Bình (16), Thái Nguyên (15), Hà Nam (15), Hưng Yên (13), Hà Giang (12), Cao Bằng (11), Ninh Bình (11), Lâm Đồng (10), Quảng Trị (9), Lạng Sơn (8 ), Điện Biên (8 ), Hà Tĩnh (7), Thanh Hóa (6), Quảng Ngãi (4), Bắc Giang (4), Gia Lai (2), Khánh Hòa (2), Tây Ninh (2), Bà Rịa - Vũng Tàu (2), Vĩnh Long (2), Bình Dương (1).'}
[2022-07-07 16:46:08,225] {subprocess.py:92} INFO - 2022-07-07 16:46:08 [scrapy.core.scraper] DEBUG: Scraped from <200 https://covid19.gov.vn/big-story/cap-nhat-dien-bien-dich-covid-19-moi-nhat-hom-nay-171210901111435028.htm>
[2022-07-07 16:46:08,225] {subprocess.py:92} INFO - {'date': '17:43 - 13/06/2022', 'content': 'Các tỉnh, thành phố ghi nhận ca bệnh như sau: Hà Nội (157), Bắc Ninh (87), Yên Bái (41), Đà Nẵng (34), Phú Thọ (29), Hải Dương (27), Hải Phòng (23), Tuyên Quang (21), Quảng Ninh (20), Thái Bình (19), Lào Cai (17), Hưng Yên (16), Thái Nguyên (16), Hà Giang (12), Nam Định (8 ), Vĩnh Phúc (8 ), Hòa Bình (8 ), Cao Bằng (7), Bắc Kạn (7), Lạng Sơn (7), Thanh Hóa (7), Điện Biên (6), TP. Hồ Chí Minh (5), Gia Lai (5), Lâm Đồng (4), Khánh Hòa (4), Lai Châu (4), Hà Nam (3), Sơn La (3), Quảng Ngãi (2), Ninh Bình (2), Bình Dương (2), Quảng Trị (1), Bình Thuận (1), Tây Ninh (1), Bà Rịa - Vũng Tàu (1), Bến Tre (1).'}
[2022-07-07 16:46:08,279] {subprocess.py:92} INFO - 2022-07-07 16:46:08 [scrapy.core.scraper] DEBUG: Scraped from <200 https://covid19.gov.vn/big-story/cap-nhat-dien-bien-dich-covid-19-moi-nhat-hom-nay-171210901111435028.htm>
[2022-07-07 16:46:08,279] {subprocess.py:92} INFO - {'date': '17:46 - 12/06/2022', 'content': 'Các tỉnh, thành phố ghi nhận ca bệnh như sau: Hà Nội (170), Yên Bái (64), Quảng Ninh (25), Nghệ An (22), Đà Nẵng (21), Thái Nguyên (20), Quảng Bình (18), Phú Thọ (18), Lào Cai (17), Thái Bình (16), Vĩnh Phúc (16), TP. Hồ Chí Minh (16), Hà Nam (13), Bắc Kạn (13), Ninh Bình (12), Tuyên Quang (12), Lạng Sơn (9), Sơn La (9), Cao Bằng (9), Quảng Trị (9), Thừa Thiên Huế (8 ), Khánh Hòa (7), Thanh Hóa (6), Hà Giang (6), Hải Dương (6), Hưng Yên (5), Nam Định (3), Lai Châu (3), Bình Phước (3), Bà Rịa - Vũng Tàu (3), Hải Phòng (3), Hòa Bình (2), Điện Biên (2), Bình Định (2).'}
[2022-07-07 16:46:08,332] {subprocess.py:92} INFO - 2022-07-07 16:46:08 [scrapy.core.scraper] DEBUG: Scraped from <200 https://covid19.gov.vn/big-story/cap-nhat-dien-bien-dich-covid-19-moi-nhat-hom-nay-171210901111435028.htm>
[2022-07-07 16:46:08,333] {subprocess.py:92} INFO - {'date': '17:48 - 11/06/2022', 'content': 'Các tỉnh, thành phố ghi nhận ca bệnh như sau: Hà Nội (176), Yên Bái (60), Nghệ An (53), Phú Thọ (47), Lào Cai (31), Quảng Ninh (27), TP. Hồ Chí Minh (22), Tuyên Quang (22), Thái Bình (22), Sơn La (21), Thái Nguyên (21), Nam Định (18), Quảng Bình (17), Vĩnh Phúc (16), Hưng Yên (16), Bắc Kạn (14), Hòa Bình (13), Lâm Đồng (12), Hà Nam (11), Cao Bằng (10), Lạng Sơn (9), Hải Dương (9), Hà Giang (8 ), Ninh Bình (8 ), Bắc Giang (7), Hải Phòng (7), Bến Tre (5), Thanh Hóa (5), Quảng Trị (4), Điện Biên (4), Lai Châu (4), Bình Định (2), Đà Nẵng (2), Bà Rịa - Vũng Tàu (2), Bình Thuận (1), Bình Phước (1), Đồng Nai (1), Đồng Tháp (1), Hậu Giang (1).'}
[2022-07-07 16:46:08,386] {subprocess.py:92} INFO - 2022-07-07 16:46:08 [scrapy.core.scraper] DEBUG: Scraped from <200 https://covid19.gov.vn/big-story/cap-nhat-dien-bien-dich-covid-19-moi-nhat-hom-nay-171210901111435028.htm>
[2022-07-07 16:46:08,387] {subprocess.py:92} INFO - {'date': '17:33 - 10/06/2022', 'content': 'Các tỉnh, thành phố ghi nhận ca bệnh như sau: Hà Nội (181), Bắc Ninh (77), Phú Thọ (66), Yên Bái (65), Nghệ An (48), Đà Nẵng (44), Lào Cai (31), Vĩnh Phúc (31), Hải Dương (26), Quảng Ninh (24), Sơn La (21), Thái Bình (20), Thái Nguyên (20), Bắc Giang (19), TP. Hồ Chí Minh (19), Hưng Yên (19), Nam Định (19), Tuyên Quang (17), Hải Phòng (17), Hòa Bình (15), Bà Rịa - Vũng Tàu (15), Lâm Đồng (15), Quảng Ngãi (14), Bắc Kạn (14), Bình Phước (12), Quảng Bình (12), Hà Tĩnh (12), Hà Giang (11), Quảng Trị (10), Tây Ninh (9), Ninh Bình (9), Hà Nam (9), Lạng Sơn (8 ), Cao Bằng (6), Thanh Hóa (6), Khánh Hòa (5), Lai Châu (5), Điện Biên (3), Phú Yên (2), Bến Tre (2), Đồng Tháp (2), Vĩnh Long (1).'}
[2022-07-07 16:46:08,441] {subprocess.py:92} INFO - 2022-07-07 16:46:08 [scrapy.core.scraper] DEBUG: Scraped from <200 https://covid19.gov.vn/big-story/cap-nhat-dien-bien-dich-covid-19-moi-nhat-hom-nay-171210901111435028.htm>
[2022-07-07 16:46:08,441] {subprocess.py:92} INFO - {'date': '17:45 - 09/06/2022', 'content': 'Các tỉnh, thành phố ghi nhận ca bệnh như sau: Hà Nội (184), Yên Bái (66), Phú Thọ (42), Đà Nẵng (33), Vĩnh Phúc (32), Quảng Ninh (29), Nghệ An (28), Lào Cai (27), TP. Hồ Chí Minh (23), Tuyên Quang (22), Thái Nguyên (21), Hà Giang (19), Nam Định (19), Sơn La (19), Quảng Bình (18), Thái Bình (17), Hà Nam (17), Hải Dương (14), Lạng Sơn (13), Hòa Bình (13), Bắc Kạn (12), Lai Châu (11), Gia Lai (10), Cao Bằng (10), Hà Tĩnh (10), Hải Phòng (9), Bà Rịa - Vũng Tàu (9), Hưng Yên (8 ), Bắc Giang (8 ), Ninh Bình (7), Thanh Hóa (7), Bình Phước (6), Lâm Đồng (6), Khánh Hòa (6), Quảng Trị (6), Đồng Tháp (5), Điện Biên (4), Cần Thơ (2), Bình Thuận (1), Đồng Nai (1), Bến Tre (1), Vĩnh Long (1), An Giang (1), Kiên Giang (1), Hậu Giang (1).'}
[2022-07-07 16:46:08,494] {subprocess.py:92} INFO - 2022-07-07 16:46:08 [scrapy.core.scraper] DEBUG: Scraped from <200 https://covid19.gov.vn/big-story/cap-nhat-dien-bien-dich-covid-19-moi-nhat-hom-nay-171210901111435028.htm>
[2022-07-07 16:46:08,495] {subprocess.py:92} INFO - {'date': '17:45 - 08/06/2022', 'content': 'Các tỉnh, thành phố ghi nhận ca bệnh như sau: Hà Nội (187), Yên Bái (67), Bắc Ninh (57), Nghệ An (49), Đà Nẵng (38), Lào Cai (35), Phú Thọ (35), Vĩnh Phúc (33), Quảng Ninh (27), Quảng Bình (27), TP. Hồ Chí Minh (26), Bắc Kạn (24), Hà Giang (23), Thái Nguyên (23), Hải Dương (22), Tuyên Quang (21), Nam Định (19), Hưng Yên (17), Thái Bình (16), Hà Nam (14), Lạng Sơn (13), Hà Tĩnh (13), Quảng Trị (12), Sơn La (11), Ninh Bình (10), Lâm Đồng (10), Hòa Bình (9), Bình Phước (8 ), Thanh Hóa (8 ), Thừa Thiên Huế (7), Bình Dương (7), Bà Rịa - Vũng Tàu (6), Lai Châu (6), Cao Bằng (6), Quảng Ngãi (6), Gia Lai (5), Tây Ninh (4), Bắc Giang (3), Điện Biên (3), Bình Định (2), Khánh Hòa (2), Bình Thuận (1), Đồng Nai (1).'}
[2022-07-07 16:46:08,546] {subprocess.py:92} INFO - 2022-07-07 16:46:08 [scrapy.core.scraper] DEBUG: Scraped from <200 https://covid19.gov.vn/big-story/cap-nhat-dien-bien-dich-covid-19-moi-nhat-hom-nay-171210901111435028.htm>
[2022-07-07 16:46:08,547] {subprocess.py:92} INFO - {'date': '17:41 - 07/06/2022', 'content': 'Các tỉnh, thành phố ghi nhận ca bệnh như sau: Hà Nội (192), Yên Bái (67), Phú Thọ (55), Đà Nẵng (54), Nghệ An (48), Hải Phòng (42), Vĩnh Phúc (40), TP. Hồ Chí Minh (35), Hải Dương (35), Lào Cai (34), Bắc Ninh (31), Hòa Bình (28), Quảng Ninh (25), Tuyên Quang (24), Thái Nguyên (22), Thái Bình (18), Sơn La (18), Quảng Bình (16), Bắc Kạn (16), Quảng Trị (15), Hà Tĩnh (15), Hà Nam (14), Hà Giang (12), Lạng Sơn (11), Hưng Yên (10), Nam Định (10), Lâm Đồng (10), Bắc Giang (9), Thanh Hóa (9), Bình Phước (8 ), Điện Biên (6), Bà Rịa - Vũng Tàu (6), Cao Bằng (6), Bình Thuận (5), Gia Lai (3), Ninh Bình (3), Khánh Hòa (2), Đồng Nai (2), Cà Mau (2), Kiên Giang (1), Cần Thơ (1).'}
[2022-07-07 16:46:08,599] {subprocess.py:92} INFO - 2022-07-07 16:46:08 [scrapy.core.scraper] DEBUG: Scraped from <200 https://covid19.gov.vn/big-story/cap-nhat-dien-bien-dich-covid-19-moi-nhat-hom-nay-171210901111435028.htm>
[2022-07-07 16:46:08,599] {subprocess.py:92} INFO - {'date': '17:45 - 06/06/2022', 'content': 'Các tỉnh, thành phố ghi nhận ca bệnh như sau: Hà Nội (204), Bắc Ninh (76), Yên Bái (64), Hải Dương (42), Vĩnh Phúc (41), Quảng Ninh (29), TP. Hồ Chí Minh (28), Phú Thọ (25), Đắk Nông (24), Thái Nguyên (21), Bắc Kạn (19), Hòa Bình (16), Sơn La (16), Lào Cai (16), Tuyên Quang (16), Thái Bình (15), Hải Phòng (14), Quảng Bình (13), Hưng Yên (11), Hà Giang (10), Đà Nẵng (10), Hà Nam (9), Thanh Hóa (7), Lạng Sơn (7), Quảng Trị (7), Cao Bằng (7), Quảng Ngãi (6), Phú Yên (6), Lâm Đồng (5), Nam Định (5), Kiên Giang (4), Nghệ An (4), Lai Châu (4), Điện Biên (3), Bắc Giang (3), Gia Lai (3), Bình Phước (2), Tây Ninh (2), Đồng Tháp (2), Khánh Hòa (1), Đồng Nai (1), Bà Rịa - Vũng Tàu (1), Bình Định (1), Bến Tre (1), Bình Thuận (1).'}
[2022-07-07 16:46:08,650] {subprocess.py:92} INFO - 2022-07-07 16:46:08 [scrapy.core.scraper] DEBUG: Scraped from <200 https://covid19.gov.vn/big-story/cap-nhat-dien-bien-dich-covid-19-moi-nhat-hom-nay-171210901111435028.htm>
[2022-07-07 16:46:08,650] {subprocess.py:92} INFO - {'date': '17:47 - 05/06/2022', 'content': 'Các tỉnh, thành phố ghi nhận ca bệnh như sau: Hà Nội (207), Yên Bái (79), Vĩnh Phúc (46), Quảng Ninh (36), Tuyên Quang (31), Thái Nguyên (25), Phú Thọ (22), Quảng Bình (21), Lào Cai (21), Thái Bình (20), Quảng Trị (18), Sơn La (14), Nghệ An (13), Hà Nam (13), TP. Hồ Chí Minh (10), Đà Nẵng (9), Cao Bằng (8 ), Nam Định (8 ), Thanh Hóa (8 ), Lai Châu (8 ), Hưng Yên (7), Hà Tĩnh (7), Thừa Thiên Huế (6), Hà Giang (6), Lạng Sơn (6), Hải Phòng (5), Lâm Đồng (4), Bắc Kạn (4), Điện Biên (4), Hòa Bình (4), Ninh Bình (3), Bình Định (3), Khánh Hòa (3), Bà Rịa - Vũng Tàu (3), Bình Phước (2), Bình Thuận (1).'}
[2022-07-07 16:46:08,703] {subprocess.py:92} INFO - 2022-07-07 16:46:08 [scrapy.core.scraper] DEBUG: Scraped from <200 https://covid19.gov.vn/big-story/cap-nhat-dien-bien-dich-covid-19-moi-nhat-hom-nay-171210901111435028.htm>
[2022-07-07 16:46:08,703] {subprocess.py:92} INFO - {'date': '17:46 - 04/06/2022', 'content': 'Các tỉnh, thành phố ghi nhận ca bệnh như sau: Hà Nội (218), Yên Bái (72), Nghệ An (49), Vĩnh Phúc (45), Quảng Ninh (39), Phú Thọ (37), Lào Cai (35), Tuyên Quang (29), Đà Nẵng (26), Hải Phòng (26), Sơn La (26), Thái Nguyên (23), TP. Hồ Chí Minh (22), Quảng Bình (22), Hải Dương (21), Thái Bình (20), Quảng Trị (16), Hà Nam (15), Bình Thuận (14), Lâm Đồng (14), Ninh Bình (13), Lạng Sơn (10), Bắc Kạn (10), Hà Giang (10), Hòa Bình (9), Thanh Hóa (9), Nam Định (8 ), Bà Rịa - Vũng Tàu (7), Hưng Yên (7), Lai Châu (7), Điện Biên (7), Cao Bằng (6), Khánh Hòa (4), Bình Phước (2), Đồng Nai (2), Hậu Giang (1).'}
[2022-07-07 16:46:08,756] {subprocess.py:92} INFO - 2022-07-07 16:46:08 [scrapy.core.scraper] DEBUG: Scraped from <200 https://covid19.gov.vn/big-story/cap-nhat-dien-bien-dich-covid-19-moi-nhat-hom-nay-171210901111435028.htm>
[2022-07-07 16:46:08,757] {subprocess.py:92} INFO - {'date': '17:47 - 03/06/2022', 'content': 'Các tỉnh, thành phố ghi nhận ca bệnh như sau: Hà Nội (230), Yên Bái (80), Phú Thọ (56), Nghệ An (51), Vĩnh Phúc (47), Bắc Ninh (43), Lào Cai (43), Quảng Ninh (39), Hà Nam (31), Tuyên Quang (31), Đà Nẵng (30), Thái Nguyên (24), Hà Giang (24), Hải Dương (23), Quảng Bình (23), TP. Hồ Chí Minh (22), Thái Bình (19), Sơn La (18), Lâm Đồng (17), Bắc Kạn (17), Nam Định (15), Lạng Sơn (15), Hòa Bình (14), Hải Phòng (13), Hưng Yên (12), Thanh Hóa (12), Thừa Thiên Huế (11), Lai Châu (9), Bà Rịa - Vũng Tàu (8 ), Cao Bằng (8 ), Ninh Bình (7), Quảng Trị (7), Bình Định (6), Điện Biên (6), Gia Lai (5), Bình Phước (4), Bến Tre (3), Cà Mau (3), Quảng Ngãi (3), Tây Ninh (2), Bắc Giang (2), Vĩnh Long (2), An Giang (1), Hậu Giang (1), Bạc Liêu (1), Khánh Hòa (1).'}
[2022-07-07 16:46:08,811] {subprocess.py:92} INFO - 2022-07-07 16:46:08 [scrapy.core.scraper] DEBUG: Scraped from <200 https://covid19.gov.vn/big-story/cap-nhat-dien-bien-dich-covid-19-moi-nhat-hom-nay-171210901111435028.htm>
[2022-07-07 16:46:08,811] {subprocess.py:92} INFO - {'date': '17:48 - 02/06/2022', 'content': 'Các tỉnh, thành phố ghi nhận ca bệnh như sau: Hà Nội (238), Bắc Ninh (116), Yên Bái (58), Vĩnh Phúc (45), Lào Cai (42), Quảng Ninh (40), Phú Thọ (39), Tuyên Quang (37), Nghệ An (36), Quảng Bình (31), Hải Dương (29), TP. Hồ Chí Minh (26), Thái Nguyên (25), Hà Giang (23), Đà Nẵng (22), Sơn La (22), Hải Phòng (21), Nam Định (20), Lâm Đồng (18), Thái Bình (18), Tây Ninh (18), Điện Biên (15), Bắc Kạn (15), Quảng Trị (14), Hà Nam (13), Cao Bằng (11), Hòa Bình (10), Lai Châu (10), Thanh Hóa (9), Ninh Bình (8 ), Lạng Sơn (8 ), Bà Rịa - Vũng Tàu (7), Bình Dương (6), Bình Phước (6), Hưng Yên (6), Phú Yên (5), Bắc Giang (5), Cà Mau (3), Khánh Hòa (2), Đồng Nai (2), Quảng Ngãi (2), Thừa Thiên Huế (2), Bình Định (2), Bến Tre (1), Vĩnh Long (1), Đồng Tháp (1).'}
[2022-07-07 16:46:08,864] {subprocess.py:92} INFO - 2022-07-07 16:46:08 [scrapy.core.scraper] DEBUG: Scraped from <200 https://covid19.gov.vn/big-story/cap-nhat-dien-bien-dich-covid-19-moi-nhat-hom-nay-171210901111435028.htm>
[2022-07-07 16:46:08,864] {subprocess.py:92} INFO - {'date': '17:45 - 01/06/2022', 'content': 'Các tỉnh, thành phố ghi nhận ca bệnh như sau: Hà Nội (245), Yên Bái (67), Vĩnh Phúc (61), Nghệ An (56), Bắc Ninh (44), Phú Thọ (42), Quảng Ninh (38), Quảng Bình (37), Tuyên Quang (34), Đà Nẵng (33), Lào Cai (32), Quảng Trị (28), TP. Hồ Chí Minh (26), Bắc Kạn (25), Lai Châu (23), Thái Nguyên (23), Thái Bình (20), Hà Nam (20), Hòa Bình (20), Bình Định (18), Ninh Bình (17), Hưng Yên (14), Hải Dương (14), Lâm Đồng (13), Hà Tĩnh (12), Nam Định (11), Bà Rịa - Vũng Tàu (10), Sơn La (9), Cao Bằng (8 ), Hà Giang (7), Bình Thuận (7), Lạng Sơn (6), Thanh Hóa (6), Gia Lai (5), Bình Phước (5), Thừa Thiên Huế (4), Bắc Giang (4), Bình Dương (1), Vĩnh Long (1), Đồng Tháp (1).'}
[2022-07-07 16:46:08,922] {subprocess.py:92} INFO - 2022-07-07 16:46:08 [scrapy.core.scraper] DEBUG: Scraped from <200 https://covid19.gov.vn/big-story/cap-nhat-dien-bien-dich-covid-19-moi-nhat-hom-nay-171210901111435028.htm>
[2022-07-07 16:46:08,922] {subprocess.py:92} INFO - {'date': '17:45 - 31/05/2022', 'content': 'Các tỉnh, thành phố ghi nhận ca bệnh như sau: Hà Nội (251), Yên Bái (78), Vĩnh Phúc (61), Phú Thọ (59), Nam Định (49), Quảng Ninh (39), Nghệ An (35), Lào Cai (33), TP. Hồ Chí Minh (32), Tuyên Quang (28), Thái Nguyên (24), Thái Bình (23), Hòa Bình (22), Hải Dương (22), Đà Nẵng (20), Sơn La (20), Lâm Đồng (18), Hải Phòng (18), Hà Tĩnh (15), Hà Giang (15), Bắc Kạn (14), Cao Bằng (13), Thanh Hóa (13), Quảng Trị (12), Quảng Bình (12), Hà Nam (11), Ninh Bình (11), Bà Rịa - Vũng Tàu (10), Lạng Sơn (9), Thừa Thiên Huế (8 ), Bắc Giang (7), Bình Phước (7), Hưng Yên (6), Cà Mau (4), Quảng Ngãi (3), Điện Biên (3), Bình Định (2), Khánh Hòa (1), Đồng Nai (1), Bến Tre (1).'}
[2022-07-07 16:46:08,923] {subprocess.py:92} INFO - 2022-07-07 16:46:08 [scrapy.core.engine] INFO: Closing spider (finished)
[2022-07-07 16:46:08,973] {subprocess.py:92} INFO - 2022-07-07 16:46:08 [scrapy.statscollectors] INFO: Dumping Scrapy stats:
[2022-07-07 16:46:08,973] {subprocess.py:92} INFO - {'downloader/request_bytes': 1067,
[2022-07-07 16:46:08,974] {subprocess.py:92} INFO -  'downloader/request_count': 2,
[2022-07-07 16:46:08,974] {subprocess.py:92} INFO -  'downloader/request_method_count/GET': 1,
[2022-07-07 16:46:08,974] {subprocess.py:92} INFO -  'downloader/request_method_count/POST': 1,
[2022-07-07 16:46:08,974] {subprocess.py:92} INFO -  'downloader/response_bytes': 135019,
[2022-07-07 16:46:08,974] {subprocess.py:92} INFO -  'downloader/response_count': 2,
[2022-07-07 16:46:08,974] {subprocess.py:92} INFO -  'downloader/response_status_count/200': 2,
[2022-07-07 16:46:08,974] {subprocess.py:92} INFO -  'elapsed_time_seconds': 15.539633,
[2022-07-07 16:46:08,974] {subprocess.py:92} INFO -  'finish_reason': 'finished',
[2022-07-07 16:46:08,974] {subprocess.py:92} INFO -  'finish_time': datetime.datetime(2022, 7, 7, 9, 46, 8, 971970),
[2022-07-07 16:46:08,974] {subprocess.py:92} INFO -  'httpcompression/response_bytes': 25,
[2022-07-07 16:46:08,975] {subprocess.py:92} INFO -  'httpcompression/response_count': 1,
[2022-07-07 16:46:08,975] {subprocess.py:92} INFO -  'item_scraped_count': 30,
[2022-07-07 16:46:08,975] {subprocess.py:92} INFO -  'log_count/DEBUG': 85,
[2022-07-07 16:46:08,975] {subprocess.py:92} INFO -  'log_count/INFO': 10,
[2022-07-07 16:46:08,975] {subprocess.py:92} INFO -  'log_count/WARNING': 1,
[2022-07-07 16:46:08,975] {subprocess.py:92} INFO -  'memusage/max': 75980800,
[2022-07-07 16:46:08,975] {subprocess.py:92} INFO -  'memusage/startup': 75980800,
[2022-07-07 16:46:08,975] {subprocess.py:92} INFO -  'response_received_count': 2,
[2022-07-07 16:46:08,975] {subprocess.py:92} INFO -  'robotstxt/request_count': 1,
[2022-07-07 16:46:08,975] {subprocess.py:92} INFO -  'robotstxt/response_count': 1,
[2022-07-07 16:46:08,975] {subprocess.py:92} INFO -  'robotstxt/response_status_count/200': 1,
[2022-07-07 16:46:08,976] {subprocess.py:92} INFO -  'scheduler/dequeued': 2,
[2022-07-07 16:46:08,976] {subprocess.py:92} INFO -  'scheduler/dequeued/memory': 2,
[2022-07-07 16:46:08,976] {subprocess.py:92} INFO -  'scheduler/enqueued': 2,
[2022-07-07 16:46:08,976] {subprocess.py:92} INFO -  'scheduler/enqueued/memory': 2,
[2022-07-07 16:46:08,976] {subprocess.py:92} INFO -  'splash/execute/request_count': 1,
[2022-07-07 16:46:08,976] {subprocess.py:92} INFO -  'splash/execute/response_count/200': 1,
[2022-07-07 16:46:08,976] {subprocess.py:92} INFO -  'start_time': datetime.datetime(2022, 7, 7, 9, 45, 53, 432337)}
[2022-07-07 16:46:08,976] {subprocess.py:92} INFO - 2022-07-07 16:46:08 [scrapy.core.engine] INFO: Spider closed (finished)
[2022-07-07 16:46:09,587] {subprocess.py:96} INFO - Command exited with return code 0
[2022-07-07 16:46:09,652] {taskinstance.py:1395} INFO - Marking task as SUCCESS. dag_id=last30days_covid, task_id=extract, execution_date=20220707T094547, start_date=20220707T094549, end_date=20220707T094609
[2022-07-07 16:46:09,679] {local_task_job.py:156} INFO - Task exited with return code 0
[2022-07-07 16:46:09,766] {local_task_job.py:273} INFO - 0 downstream tasks scheduled from follow-on schedule check
