[2022-07-07 15:30:25,298] {taskinstance.py:1159} INFO - Dependencies all met for <TaskInstance: incre_global_covid.update_covid_table manual__2022-07-07T08:30:21.836784+00:00 [queued]>
[2022-07-07 15:30:25,314] {taskinstance.py:1159} INFO - Dependencies all met for <TaskInstance: incre_global_covid.update_covid_table manual__2022-07-07T08:30:21.836784+00:00 [queued]>
[2022-07-07 15:30:25,314] {taskinstance.py:1356} INFO - 
--------------------------------------------------------------------------------
[2022-07-07 15:30:25,314] {taskinstance.py:1357} INFO - Starting attempt 1 of 1
[2022-07-07 15:30:25,315] {taskinstance.py:1358} INFO - 
--------------------------------------------------------------------------------
[2022-07-07 15:30:25,347] {taskinstance.py:1377} INFO - Executing <Task(BashOperator): update_covid_table> on 2022-07-07 08:30:21.836784+00:00
[2022-07-07 15:30:25,350] {standard_task_runner.py:52} INFO - Started process 5110 to run task
[2022-07-07 15:30:25,367] {standard_task_runner.py:79} INFO - Running: ['airflow', 'tasks', 'run', 'incre_global_covid', 'update_covid_table', 'manual__2022-07-07T08:30:21.836784+00:00', '--job-id', '5', '--raw', '--subdir', 'DAGS_FOLDER/incre_global_covid.py', '--cfg-path', '/tmp/tmpfy6ww71m', '--error-file', '/tmp/tmpxk4n_rto']
[2022-07-07 15:30:25,369] {standard_task_runner.py:80} INFO - Job 5: Subtask update_covid_table
[2022-07-07 15:30:25,569] {task_command.py:370} INFO - Running <TaskInstance: incre_global_covid.update_covid_table manual__2022-07-07T08:30:21.836784+00:00 [running]> on host DESKTOP-FMPNIM0.localdomain
[2022-07-07 15:30:25,760] {taskinstance.py:1569} INFO - Exporting the following env vars:
AIRFLOW_CTX_DAG_OWNER=airflow
AIRFLOW_CTX_DAG_ID=incre_global_covid
AIRFLOW_CTX_TASK_ID=update_covid_table
AIRFLOW_CTX_EXECUTION_DATE=2022-07-07T08:30:21.836784+00:00
AIRFLOW_CTX_TRY_NUMBER=1
AIRFLOW_CTX_DAG_RUN_ID=manual__2022-07-07T08:30:21.836784+00:00
[2022-07-07 15:30:25,761] {subprocess.py:62} INFO - Tmp dir root location: 
 /tmp
[2022-07-07 15:30:25,762] {subprocess.py:74} INFO - Running command: ['bash', '-c', '/home/luan/projects/covid_dashboard/pipelines/global/incre/update_covid_table.sh ']
[2022-07-07 15:30:25,796] {subprocess.py:85} INFO - Output:
[2022-07-07 15:30:26,079] {subprocess.py:96} INFO - Command exited with return code 0
[2022-07-07 15:30:26,124] {taskinstance.py:1395} INFO - Marking task as SUCCESS. dag_id=incre_global_covid, task_id=update_covid_table, execution_date=20220707T083021, start_date=20220707T083025, end_date=20220707T083026
[2022-07-07 15:30:26,184] {local_task_job.py:156} INFO - Task exited with return code 0
[2022-07-07 15:30:26,306] {local_task_job.py:273} INFO - 0 downstream tasks scheduled from follow-on schedule check
