[2022-07-07 14:52:50,431] {processor.py:153} INFO - Started process (PID=2628) to work on /home/luan/.local/lib/python3.8/site-packages/airflow/example_dags/plugins/workday.py
[2022-07-07 14:52:50,432] {processor.py:641} INFO - Processing file /home/luan/.local/lib/python3.8/site-packages/airflow/example_dags/plugins/workday.py for tasks to queue
[2022-07-07 14:52:50,432] {logging_mixin.py:115} INFO - [2022-07-07 14:52:50,432] {dagbag.py:507} INFO - Filling up the DagBag from /home/luan/.local/lib/python3.8/site-packages/airflow/example_dags/plugins/workday.py
[2022-07-07 14:52:50,435] {processor.py:653} WARNING - No viable dags retrieved from /home/luan/.local/lib/python3.8/site-packages/airflow/example_dags/plugins/workday.py
[2022-07-07 14:52:50,467] {processor.py:161} INFO - Processing /home/luan/.local/lib/python3.8/site-packages/airflow/example_dags/plugins/workday.py took 0.043 seconds
[2022-07-07 14:52:57,294] {processor.py:153} INFO - Started process (PID=2856) to work on /home/luan/.local/lib/python3.8/site-packages/airflow/example_dags/plugins/workday.py
[2022-07-07 14:52:57,294] {processor.py:641} INFO - Processing file /home/luan/.local/lib/python3.8/site-packages/airflow/example_dags/plugins/workday.py for tasks to queue
[2022-07-07 14:52:57,295] {logging_mixin.py:115} INFO - [2022-07-07 14:52:57,295] {dagbag.py:507} INFO - Filling up the DagBag from /home/luan/.local/lib/python3.8/site-packages/airflow/example_dags/plugins/workday.py
[2022-07-07 14:52:57,297] {processor.py:653} WARNING - No viable dags retrieved from /home/luan/.local/lib/python3.8/site-packages/airflow/example_dags/plugins/workday.py
[2022-07-07 14:52:57,336] {processor.py:161} INFO - Processing /home/luan/.local/lib/python3.8/site-packages/airflow/example_dags/plugins/workday.py took 0.047 seconds
[2022-07-07 14:53:01,242] {processor.py:153} INFO - Started process (PID=3084) to work on /home/luan/.local/lib/python3.8/site-packages/airflow/example_dags/plugins/workday.py
[2022-07-07 14:53:01,243] {processor.py:641} INFO - Processing file /home/luan/.local/lib/python3.8/site-packages/airflow/example_dags/plugins/workday.py for tasks to queue
[2022-07-07 14:53:01,244] {logging_mixin.py:115} INFO - [2022-07-07 14:53:01,244] {dagbag.py:507} INFO - Filling up the DagBag from /home/luan/.local/lib/python3.8/site-packages/airflow/example_dags/plugins/workday.py
[2022-07-07 14:53:01,247] {processor.py:653} WARNING - No viable dags retrieved from /home/luan/.local/lib/python3.8/site-packages/airflow/example_dags/plugins/workday.py
[2022-07-07 14:53:01,333] {processor.py:161} INFO - Processing /home/luan/.local/lib/python3.8/site-packages/airflow/example_dags/plugins/workday.py took 0.107 seconds
[2022-07-07 14:53:05,302] {processor.py:153} INFO - Started process (PID=3300) to work on /home/luan/.local/lib/python3.8/site-packages/airflow/example_dags/plugins/workday.py
[2022-07-07 14:53:05,303] {processor.py:641} INFO - Processing file /home/luan/.local/lib/python3.8/site-packages/airflow/example_dags/plugins/workday.py for tasks to queue
[2022-07-07 14:53:05,303] {logging_mixin.py:115} INFO - [2022-07-07 14:53:05,303] {dagbag.py:507} INFO - Filling up the DagBag from /home/luan/.local/lib/python3.8/site-packages/airflow/example_dags/plugins/workday.py
[2022-07-07 14:53:05,305] {processor.py:653} WARNING - No viable dags retrieved from /home/luan/.local/lib/python3.8/site-packages/airflow/example_dags/plugins/workday.py
[2022-07-07 14:53:05,336] {processor.py:161} INFO - Processing /home/luan/.local/lib/python3.8/site-packages/airflow/example_dags/plugins/workday.py took 0.037 seconds
[2022-07-07 14:53:08,087] {processor.py:153} INFO - Started process (PID=3518) to work on /home/luan/.local/lib/python3.8/site-packages/airflow/example_dags/plugins/workday.py
[2022-07-07 14:53:08,087] {processor.py:641} INFO - Processing file /home/luan/.local/lib/python3.8/site-packages/airflow/example_dags/plugins/workday.py for tasks to queue
[2022-07-07 14:53:08,088] {logging_mixin.py:115} INFO - [2022-07-07 14:53:08,088] {dagbag.py:507} INFO - Filling up the DagBag from /home/luan/.local/lib/python3.8/site-packages/airflow/example_dags/plugins/workday.py
[2022-07-07 14:53:08,090] {processor.py:653} WARNING - No viable dags retrieved from /home/luan/.local/lib/python3.8/site-packages/airflow/example_dags/plugins/workday.py
[2022-07-07 14:53:08,125] {processor.py:161} INFO - Processing /home/luan/.local/lib/python3.8/site-packages/airflow/example_dags/plugins/workday.py took 0.042 seconds
[2022-07-07 14:53:10,912] {processor.py:153} INFO - Started process (PID=3732) to work on /home/luan/.local/lib/python3.8/site-packages/airflow/example_dags/plugins/workday.py
[2022-07-07 14:53:10,913] {processor.py:641} INFO - Processing file /home/luan/.local/lib/python3.8/site-packages/airflow/example_dags/plugins/workday.py for tasks to queue
[2022-07-07 14:53:10,914] {logging_mixin.py:115} INFO - [2022-07-07 14:53:10,914] {dagbag.py:507} INFO - Filling up the DagBag from /home/luan/.local/lib/python3.8/site-packages/airflow/example_dags/plugins/workday.py
[2022-07-07 14:53:10,917] {processor.py:653} WARNING - No viable dags retrieved from /home/luan/.local/lib/python3.8/site-packages/airflow/example_dags/plugins/workday.py
[2022-07-07 14:53:10,957] {processor.py:161} INFO - Processing /home/luan/.local/lib/python3.8/site-packages/airflow/example_dags/plugins/workday.py took 0.052 seconds
[2022-07-07 14:53:13,360] {processor.py:153} INFO - Started process (PID=3950) to work on /home/luan/.local/lib/python3.8/site-packages/airflow/example_dags/plugins/workday.py
[2022-07-07 14:53:13,361] {processor.py:641} INFO - Processing file /home/luan/.local/lib/python3.8/site-packages/airflow/example_dags/plugins/workday.py for tasks to queue
[2022-07-07 14:53:13,362] {logging_mixin.py:115} INFO - [2022-07-07 14:53:13,362] {dagbag.py:507} INFO - Filling up the DagBag from /home/luan/.local/lib/python3.8/site-packages/airflow/example_dags/plugins/workday.py
[2022-07-07 14:53:13,364] {processor.py:653} WARNING - No viable dags retrieved from /home/luan/.local/lib/python3.8/site-packages/airflow/example_dags/plugins/workday.py
[2022-07-07 14:53:13,392] {processor.py:161} INFO - Processing /home/luan/.local/lib/python3.8/site-packages/airflow/example_dags/plugins/workday.py took 0.035 seconds
[2022-07-07 14:53:15,922] {processor.py:153} INFO - Started process (PID=4165) to work on /home/luan/.local/lib/python3.8/site-packages/airflow/example_dags/plugins/workday.py
[2022-07-07 14:53:15,922] {processor.py:641} INFO - Processing file /home/luan/.local/lib/python3.8/site-packages/airflow/example_dags/plugins/workday.py for tasks to queue
[2022-07-07 14:53:15,923] {logging_mixin.py:115} INFO - [2022-07-07 14:53:15,923] {dagbag.py:507} INFO - Filling up the DagBag from /home/luan/.local/lib/python3.8/site-packages/airflow/example_dags/plugins/workday.py
[2022-07-07 14:53:15,925] {processor.py:653} WARNING - No viable dags retrieved from /home/luan/.local/lib/python3.8/site-packages/airflow/example_dags/plugins/workday.py
[2022-07-07 14:53:15,972] {processor.py:161} INFO - Processing /home/luan/.local/lib/python3.8/site-packages/airflow/example_dags/plugins/workday.py took 0.067 seconds
[2022-07-07 14:53:18,383] {processor.py:153} INFO - Started process (PID=4381) to work on /home/luan/.local/lib/python3.8/site-packages/airflow/example_dags/plugins/workday.py
[2022-07-07 14:53:18,384] {processor.py:641} INFO - Processing file /home/luan/.local/lib/python3.8/site-packages/airflow/example_dags/plugins/workday.py for tasks to queue
[2022-07-07 14:53:18,385] {logging_mixin.py:115} INFO - [2022-07-07 14:53:18,384] {dagbag.py:507} INFO - Filling up the DagBag from /home/luan/.local/lib/python3.8/site-packages/airflow/example_dags/plugins/workday.py
[2022-07-07 14:53:18,387] {processor.py:653} WARNING - No viable dags retrieved from /home/luan/.local/lib/python3.8/site-packages/airflow/example_dags/plugins/workday.py
[2022-07-07 14:53:18,430] {processor.py:161} INFO - Processing /home/luan/.local/lib/python3.8/site-packages/airflow/example_dags/plugins/workday.py took 0.054 seconds
[2022-07-07 14:53:21,270] {processor.py:153} INFO - Started process (PID=4597) to work on /home/luan/.local/lib/python3.8/site-packages/airflow/example_dags/plugins/workday.py
[2022-07-07 14:53:21,276] {processor.py:641} INFO - Processing file /home/luan/.local/lib/python3.8/site-packages/airflow/example_dags/plugins/workday.py for tasks to queue
[2022-07-07 14:53:21,276] {logging_mixin.py:115} INFO - [2022-07-07 14:53:21,276] {dagbag.py:507} INFO - Filling up the DagBag from /home/luan/.local/lib/python3.8/site-packages/airflow/example_dags/plugins/workday.py
[2022-07-07 14:53:21,278] {processor.py:653} WARNING - No viable dags retrieved from /home/luan/.local/lib/python3.8/site-packages/airflow/example_dags/plugins/workday.py
[2022-07-07 14:53:21,327] {processor.py:161} INFO - Processing /home/luan/.local/lib/python3.8/site-packages/airflow/example_dags/plugins/workday.py took 0.060 seconds
[2022-07-07 14:53:23,977] {processor.py:153} INFO - Started process (PID=4813) to work on /home/luan/.local/lib/python3.8/site-packages/airflow/example_dags/plugins/workday.py
[2022-07-07 14:53:23,978] {processor.py:641} INFO - Processing file /home/luan/.local/lib/python3.8/site-packages/airflow/example_dags/plugins/workday.py for tasks to queue
[2022-07-07 14:53:23,992] {logging_mixin.py:115} INFO - [2022-07-07 14:53:23,981] {dagbag.py:507} INFO - Filling up the DagBag from /home/luan/.local/lib/python3.8/site-packages/airflow/example_dags/plugins/workday.py
[2022-07-07 14:53:23,995] {processor.py:653} WARNING - No viable dags retrieved from /home/luan/.local/lib/python3.8/site-packages/airflow/example_dags/plugins/workday.py
[2022-07-07 14:53:24,055] {processor.py:161} INFO - Processing /home/luan/.local/lib/python3.8/site-packages/airflow/example_dags/plugins/workday.py took 0.083 seconds
[2022-07-07 14:53:27,514] {processor.py:153} INFO - Started process (PID=5029) to work on /home/luan/.local/lib/python3.8/site-packages/airflow/example_dags/plugins/workday.py
[2022-07-07 14:53:27,517] {processor.py:641} INFO - Processing file /home/luan/.local/lib/python3.8/site-packages/airflow/example_dags/plugins/workday.py for tasks to queue
[2022-07-07 14:53:27,518] {logging_mixin.py:115} INFO - [2022-07-07 14:53:27,518] {dagbag.py:507} INFO - Filling up the DagBag from /home/luan/.local/lib/python3.8/site-packages/airflow/example_dags/plugins/workday.py
[2022-07-07 14:53:27,520] {processor.py:653} WARNING - No viable dags retrieved from /home/luan/.local/lib/python3.8/site-packages/airflow/example_dags/plugins/workday.py
[2022-07-07 14:53:27,578] {processor.py:161} INFO - Processing /home/luan/.local/lib/python3.8/site-packages/airflow/example_dags/plugins/workday.py took 0.070 seconds
[2022-07-07 14:53:31,977] {processor.py:153} INFO - Started process (PID=5252) to work on /home/luan/.local/lib/python3.8/site-packages/airflow/example_dags/plugins/workday.py
[2022-07-07 14:53:31,978] {processor.py:641} INFO - Processing file /home/luan/.local/lib/python3.8/site-packages/airflow/example_dags/plugins/workday.py for tasks to queue
[2022-07-07 14:53:31,980] {logging_mixin.py:115} INFO - [2022-07-07 14:53:31,979] {dagbag.py:507} INFO - Filling up the DagBag from /home/luan/.local/lib/python3.8/site-packages/airflow/example_dags/plugins/workday.py
[2022-07-07 14:53:31,982] {processor.py:653} WARNING - No viable dags retrieved from /home/luan/.local/lib/python3.8/site-packages/airflow/example_dags/plugins/workday.py
[2022-07-07 14:53:32,026] {processor.py:161} INFO - Processing /home/luan/.local/lib/python3.8/site-packages/airflow/example_dags/plugins/workday.py took 0.052 seconds
[2022-07-07 14:53:38,613] {processor.py:153} INFO - Started process (PID=5474) to work on /home/luan/.local/lib/python3.8/site-packages/airflow/example_dags/plugins/workday.py
[2022-07-07 14:53:38,613] {processor.py:641} INFO - Processing file /home/luan/.local/lib/python3.8/site-packages/airflow/example_dags/plugins/workday.py for tasks to queue
[2022-07-07 14:53:38,624] {logging_mixin.py:115} INFO - [2022-07-07 14:53:38,614] {dagbag.py:507} INFO - Filling up the DagBag from /home/luan/.local/lib/python3.8/site-packages/airflow/example_dags/plugins/workday.py
[2022-07-07 14:53:38,627] {processor.py:653} WARNING - No viable dags retrieved from /home/luan/.local/lib/python3.8/site-packages/airflow/example_dags/plugins/workday.py
[2022-07-07 14:53:38,742] {processor.py:161} INFO - Processing /home/luan/.local/lib/python3.8/site-packages/airflow/example_dags/plugins/workday.py took 0.142 seconds
[2022-07-07 14:53:46,490] {processor.py:153} INFO - Started process (PID=5691) to work on /home/luan/.local/lib/python3.8/site-packages/airflow/example_dags/plugins/workday.py
[2022-07-07 14:53:46,501] {processor.py:641} INFO - Processing file /home/luan/.local/lib/python3.8/site-packages/airflow/example_dags/plugins/workday.py for tasks to queue
[2022-07-07 14:53:46,503] {logging_mixin.py:115} INFO - [2022-07-07 14:53:46,502] {dagbag.py:507} INFO - Filling up the DagBag from /home/luan/.local/lib/python3.8/site-packages/airflow/example_dags/plugins/workday.py
[2022-07-07 14:53:46,505] {processor.py:653} WARNING - No viable dags retrieved from /home/luan/.local/lib/python3.8/site-packages/airflow/example_dags/plugins/workday.py
[2022-07-07 14:53:46,612] {processor.py:161} INFO - Processing /home/luan/.local/lib/python3.8/site-packages/airflow/example_dags/plugins/workday.py took 0.126 seconds
[2022-07-07 14:53:54,643] {processor.py:153} INFO - Started process (PID=5909) to work on /home/luan/.local/lib/python3.8/site-packages/airflow/example_dags/plugins/workday.py
[2022-07-07 14:53:54,654] {processor.py:641} INFO - Processing file /home/luan/.local/lib/python3.8/site-packages/airflow/example_dags/plugins/workday.py for tasks to queue
[2022-07-07 14:53:54,655] {logging_mixin.py:115} INFO - [2022-07-07 14:53:54,655] {dagbag.py:507} INFO - Filling up the DagBag from /home/luan/.local/lib/python3.8/site-packages/airflow/example_dags/plugins/workday.py
[2022-07-07 14:53:54,658] {processor.py:653} WARNING - No viable dags retrieved from /home/luan/.local/lib/python3.8/site-packages/airflow/example_dags/plugins/workday.py
[2022-07-07 14:53:54,736] {processor.py:161} INFO - Processing /home/luan/.local/lib/python3.8/site-packages/airflow/example_dags/plugins/workday.py took 0.098 seconds
[2022-07-07 14:54:00,534] {processor.py:153} INFO - Started process (PID=6124) to work on /home/luan/.local/lib/python3.8/site-packages/airflow/example_dags/plugins/workday.py
[2022-07-07 14:54:00,555] {processor.py:641} INFO - Processing file /home/luan/.local/lib/python3.8/site-packages/airflow/example_dags/plugins/workday.py for tasks to queue
[2022-07-07 14:54:00,556] {logging_mixin.py:115} INFO - [2022-07-07 14:54:00,556] {dagbag.py:507} INFO - Filling up the DagBag from /home/luan/.local/lib/python3.8/site-packages/airflow/example_dags/plugins/workday.py
[2022-07-07 14:54:00,558] {processor.py:653} WARNING - No viable dags retrieved from /home/luan/.local/lib/python3.8/site-packages/airflow/example_dags/plugins/workday.py
[2022-07-07 14:54:00,605] {processor.py:161} INFO - Processing /home/luan/.local/lib/python3.8/site-packages/airflow/example_dags/plugins/workday.py took 0.077 seconds
[2022-07-07 14:54:03,802] {processor.py:153} INFO - Started process (PID=6340) to work on /home/luan/.local/lib/python3.8/site-packages/airflow/example_dags/plugins/workday.py
[2022-07-07 14:54:03,806] {processor.py:641} INFO - Processing file /home/luan/.local/lib/python3.8/site-packages/airflow/example_dags/plugins/workday.py for tasks to queue
[2022-07-07 14:54:03,811] {logging_mixin.py:115} INFO - [2022-07-07 14:54:03,811] {dagbag.py:507} INFO - Filling up the DagBag from /home/luan/.local/lib/python3.8/site-packages/airflow/example_dags/plugins/workday.py
[2022-07-07 14:54:03,814] {processor.py:653} WARNING - No viable dags retrieved from /home/luan/.local/lib/python3.8/site-packages/airflow/example_dags/plugins/workday.py
[2022-07-07 14:54:03,874] {processor.py:161} INFO - Processing /home/luan/.local/lib/python3.8/site-packages/airflow/example_dags/plugins/workday.py took 0.077 seconds
[2022-07-07 14:54:07,436] {processor.py:153} INFO - Started process (PID=6562) to work on /home/luan/.local/lib/python3.8/site-packages/airflow/example_dags/plugins/workday.py
[2022-07-07 14:54:07,436] {processor.py:641} INFO - Processing file /home/luan/.local/lib/python3.8/site-packages/airflow/example_dags/plugins/workday.py for tasks to queue
[2022-07-07 14:54:07,437] {logging_mixin.py:115} INFO - [2022-07-07 14:54:07,437] {dagbag.py:507} INFO - Filling up the DagBag from /home/luan/.local/lib/python3.8/site-packages/airflow/example_dags/plugins/workday.py
[2022-07-07 14:54:07,440] {processor.py:653} WARNING - No viable dags retrieved from /home/luan/.local/lib/python3.8/site-packages/airflow/example_dags/plugins/workday.py
[2022-07-07 14:54:07,486] {processor.py:161} INFO - Processing /home/luan/.local/lib/python3.8/site-packages/airflow/example_dags/plugins/workday.py took 0.055 seconds
[2022-07-07 14:54:12,051] {processor.py:153} INFO - Started process (PID=6784) to work on /home/luan/.local/lib/python3.8/site-packages/airflow/example_dags/plugins/workday.py
[2022-07-07 14:54:12,052] {processor.py:641} INFO - Processing file /home/luan/.local/lib/python3.8/site-packages/airflow/example_dags/plugins/workday.py for tasks to queue
[2022-07-07 14:54:12,053] {logging_mixin.py:115} INFO - [2022-07-07 14:54:12,053] {dagbag.py:507} INFO - Filling up the DagBag from /home/luan/.local/lib/python3.8/site-packages/airflow/example_dags/plugins/workday.py
[2022-07-07 14:54:12,067] {processor.py:653} WARNING - No viable dags retrieved from /home/luan/.local/lib/python3.8/site-packages/airflow/example_dags/plugins/workday.py
[2022-07-07 14:54:12,165] {processor.py:161} INFO - Processing /home/luan/.local/lib/python3.8/site-packages/airflow/example_dags/plugins/workday.py took 0.129 seconds
[2022-07-07 14:54:17,201] {processor.py:153} INFO - Started process (PID=7001) to work on /home/luan/.local/lib/python3.8/site-packages/airflow/example_dags/plugins/workday.py
[2022-07-07 14:54:17,201] {processor.py:641} INFO - Processing file /home/luan/.local/lib/python3.8/site-packages/airflow/example_dags/plugins/workday.py for tasks to queue
[2022-07-07 14:54:17,202] {logging_mixin.py:115} INFO - [2022-07-07 14:54:17,202] {dagbag.py:507} INFO - Filling up the DagBag from /home/luan/.local/lib/python3.8/site-packages/airflow/example_dags/plugins/workday.py
[2022-07-07 14:54:17,204] {processor.py:653} WARNING - No viable dags retrieved from /home/luan/.local/lib/python3.8/site-packages/airflow/example_dags/plugins/workday.py
[2022-07-07 14:54:17,243] {processor.py:161} INFO - Processing /home/luan/.local/lib/python3.8/site-packages/airflow/example_dags/plugins/workday.py took 0.046 seconds
[2022-07-07 14:54:21,645] {processor.py:153} INFO - Started process (PID=7217) to work on /home/luan/.local/lib/python3.8/site-packages/airflow/example_dags/plugins/workday.py
[2022-07-07 14:54:21,646] {processor.py:641} INFO - Processing file /home/luan/.local/lib/python3.8/site-packages/airflow/example_dags/plugins/workday.py for tasks to queue
[2022-07-07 14:54:21,647] {logging_mixin.py:115} INFO - [2022-07-07 14:54:21,647] {dagbag.py:507} INFO - Filling up the DagBag from /home/luan/.local/lib/python3.8/site-packages/airflow/example_dags/plugins/workday.py
[2022-07-07 14:54:21,649] {processor.py:653} WARNING - No viable dags retrieved from /home/luan/.local/lib/python3.8/site-packages/airflow/example_dags/plugins/workday.py
[2022-07-07 14:54:21,692] {processor.py:161} INFO - Processing /home/luan/.local/lib/python3.8/site-packages/airflow/example_dags/plugins/workday.py took 0.051 seconds
[2022-07-07 14:54:25,909] {processor.py:153} INFO - Started process (PID=7433) to work on /home/luan/.local/lib/python3.8/site-packages/airflow/example_dags/plugins/workday.py
[2022-07-07 14:54:25,910] {processor.py:641} INFO - Processing file /home/luan/.local/lib/python3.8/site-packages/airflow/example_dags/plugins/workday.py for tasks to queue
[2022-07-07 14:54:25,910] {logging_mixin.py:115} INFO - [2022-07-07 14:54:25,910] {dagbag.py:507} INFO - Filling up the DagBag from /home/luan/.local/lib/python3.8/site-packages/airflow/example_dags/plugins/workday.py
[2022-07-07 14:54:25,913] {processor.py:653} WARNING - No viable dags retrieved from /home/luan/.local/lib/python3.8/site-packages/airflow/example_dags/plugins/workday.py
[2022-07-07 14:54:25,943] {processor.py:161} INFO - Processing /home/luan/.local/lib/python3.8/site-packages/airflow/example_dags/plugins/workday.py took 0.039 seconds
[2022-07-07 14:54:29,402] {processor.py:153} INFO - Started process (PID=7655) to work on /home/luan/.local/lib/python3.8/site-packages/airflow/example_dags/plugins/workday.py
[2022-07-07 14:54:29,402] {processor.py:641} INFO - Processing file /home/luan/.local/lib/python3.8/site-packages/airflow/example_dags/plugins/workday.py for tasks to queue
[2022-07-07 14:54:29,403] {logging_mixin.py:115} INFO - [2022-07-07 14:54:29,403] {dagbag.py:507} INFO - Filling up the DagBag from /home/luan/.local/lib/python3.8/site-packages/airflow/example_dags/plugins/workday.py
[2022-07-07 14:54:29,406] {processor.py:653} WARNING - No viable dags retrieved from /home/luan/.local/lib/python3.8/site-packages/airflow/example_dags/plugins/workday.py
[2022-07-07 14:54:29,442] {processor.py:161} INFO - Processing /home/luan/.local/lib/python3.8/site-packages/airflow/example_dags/plugins/workday.py took 0.044 seconds
[2022-07-07 14:54:32,574] {processor.py:153} INFO - Started process (PID=7872) to work on /home/luan/.local/lib/python3.8/site-packages/airflow/example_dags/plugins/workday.py
[2022-07-07 14:54:32,575] {processor.py:641} INFO - Processing file /home/luan/.local/lib/python3.8/site-packages/airflow/example_dags/plugins/workday.py for tasks to queue
[2022-07-07 14:54:32,575] {logging_mixin.py:115} INFO - [2022-07-07 14:54:32,575] {dagbag.py:507} INFO - Filling up the DagBag from /home/luan/.local/lib/python3.8/site-packages/airflow/example_dags/plugins/workday.py
[2022-07-07 14:54:32,578] {processor.py:653} WARNING - No viable dags retrieved from /home/luan/.local/lib/python3.8/site-packages/airflow/example_dags/plugins/workday.py
[2022-07-07 14:54:32,678] {processor.py:161} INFO - Processing /home/luan/.local/lib/python3.8/site-packages/airflow/example_dags/plugins/workday.py took 0.108 seconds
[2022-07-07 14:54:35,288] {processor.py:153} INFO - Started process (PID=8088) to work on /home/luan/.local/lib/python3.8/site-packages/airflow/example_dags/plugins/workday.py
[2022-07-07 14:54:35,288] {processor.py:641} INFO - Processing file /home/luan/.local/lib/python3.8/site-packages/airflow/example_dags/plugins/workday.py for tasks to queue
[2022-07-07 14:54:35,289] {logging_mixin.py:115} INFO - [2022-07-07 14:54:35,289] {dagbag.py:507} INFO - Filling up the DagBag from /home/luan/.local/lib/python3.8/site-packages/airflow/example_dags/plugins/workday.py
[2022-07-07 14:54:35,291] {processor.py:653} WARNING - No viable dags retrieved from /home/luan/.local/lib/python3.8/site-packages/airflow/example_dags/plugins/workday.py
[2022-07-07 14:54:35,320] {processor.py:161} INFO - Processing /home/luan/.local/lib/python3.8/site-packages/airflow/example_dags/plugins/workday.py took 0.036 seconds
[2022-07-07 14:54:38,035] {processor.py:153} INFO - Started process (PID=8304) to work on /home/luan/.local/lib/python3.8/site-packages/airflow/example_dags/plugins/workday.py
[2022-07-07 14:54:38,036] {processor.py:641} INFO - Processing file /home/luan/.local/lib/python3.8/site-packages/airflow/example_dags/plugins/workday.py for tasks to queue
[2022-07-07 14:54:38,036] {logging_mixin.py:115} INFO - [2022-07-07 14:54:38,036] {dagbag.py:507} INFO - Filling up the DagBag from /home/luan/.local/lib/python3.8/site-packages/airflow/example_dags/plugins/workday.py
[2022-07-07 14:54:38,038] {processor.py:653} WARNING - No viable dags retrieved from /home/luan/.local/lib/python3.8/site-packages/airflow/example_dags/plugins/workday.py
[2022-07-07 14:54:38,071] {processor.py:161} INFO - Processing /home/luan/.local/lib/python3.8/site-packages/airflow/example_dags/plugins/workday.py took 0.040 seconds
[2022-07-07 14:54:40,568] {processor.py:153} INFO - Started process (PID=8526) to work on /home/luan/.local/lib/python3.8/site-packages/airflow/example_dags/plugins/workday.py
[2022-07-07 14:54:40,569] {processor.py:641} INFO - Processing file /home/luan/.local/lib/python3.8/site-packages/airflow/example_dags/plugins/workday.py for tasks to queue
[2022-07-07 14:54:40,569] {logging_mixin.py:115} INFO - [2022-07-07 14:54:40,569] {dagbag.py:507} INFO - Filling up the DagBag from /home/luan/.local/lib/python3.8/site-packages/airflow/example_dags/plugins/workday.py
[2022-07-07 14:54:40,571] {processor.py:653} WARNING - No viable dags retrieved from /home/luan/.local/lib/python3.8/site-packages/airflow/example_dags/plugins/workday.py
[2022-07-07 14:54:40,610] {processor.py:161} INFO - Processing /home/luan/.local/lib/python3.8/site-packages/airflow/example_dags/plugins/workday.py took 0.045 seconds
[2022-07-07 14:54:43,934] {processor.py:153} INFO - Started process (PID=8750) to work on /home/luan/.local/lib/python3.8/site-packages/airflow/example_dags/plugins/workday.py
[2022-07-07 14:54:43,934] {processor.py:641} INFO - Processing file /home/luan/.local/lib/python3.8/site-packages/airflow/example_dags/plugins/workday.py for tasks to queue
[2022-07-07 14:54:43,935] {logging_mixin.py:115} INFO - [2022-07-07 14:54:43,935] {dagbag.py:507} INFO - Filling up the DagBag from /home/luan/.local/lib/python3.8/site-packages/airflow/example_dags/plugins/workday.py
[2022-07-07 14:54:43,937] {processor.py:653} WARNING - No viable dags retrieved from /home/luan/.local/lib/python3.8/site-packages/airflow/example_dags/plugins/workday.py
[2022-07-07 14:54:43,978] {processor.py:161} INFO - Processing /home/luan/.local/lib/python3.8/site-packages/airflow/example_dags/plugins/workday.py took 0.049 seconds
[2022-07-07 14:54:46,950] {processor.py:153} INFO - Started process (PID=8965) to work on /home/luan/.local/lib/python3.8/site-packages/airflow/example_dags/plugins/workday.py
[2022-07-07 14:54:46,951] {processor.py:641} INFO - Processing file /home/luan/.local/lib/python3.8/site-packages/airflow/example_dags/plugins/workday.py for tasks to queue
[2022-07-07 14:54:46,951] {logging_mixin.py:115} INFO - [2022-07-07 14:54:46,951] {dagbag.py:507} INFO - Filling up the DagBag from /home/luan/.local/lib/python3.8/site-packages/airflow/example_dags/plugins/workday.py
[2022-07-07 14:54:46,954] {processor.py:653} WARNING - No viable dags retrieved from /home/luan/.local/lib/python3.8/site-packages/airflow/example_dags/plugins/workday.py
[2022-07-07 14:54:46,985] {processor.py:161} INFO - Processing /home/luan/.local/lib/python3.8/site-packages/airflow/example_dags/plugins/workday.py took 0.039 seconds
[2022-07-07 14:54:50,453] {processor.py:153} INFO - Started process (PID=9181) to work on /home/luan/.local/lib/python3.8/site-packages/airflow/example_dags/plugins/workday.py
[2022-07-07 14:54:50,467] {processor.py:641} INFO - Processing file /home/luan/.local/lib/python3.8/site-packages/airflow/example_dags/plugins/workday.py for tasks to queue
[2022-07-07 14:54:50,468] {logging_mixin.py:115} INFO - [2022-07-07 14:54:50,468] {dagbag.py:507} INFO - Filling up the DagBag from /home/luan/.local/lib/python3.8/site-packages/airflow/example_dags/plugins/workday.py
[2022-07-07 14:54:50,470] {processor.py:653} WARNING - No viable dags retrieved from /home/luan/.local/lib/python3.8/site-packages/airflow/example_dags/plugins/workday.py
[2022-07-07 14:54:50,554] {processor.py:161} INFO - Processing /home/luan/.local/lib/python3.8/site-packages/airflow/example_dags/plugins/workday.py took 0.123 seconds
[2022-07-07 14:54:53,597] {processor.py:153} INFO - Started process (PID=9395) to work on /home/luan/.local/lib/python3.8/site-packages/airflow/example_dags/plugins/workday.py
[2022-07-07 14:54:53,598] {processor.py:641} INFO - Processing file /home/luan/.local/lib/python3.8/site-packages/airflow/example_dags/plugins/workday.py for tasks to queue
[2022-07-07 14:54:53,599] {logging_mixin.py:115} INFO - [2022-07-07 14:54:53,598] {dagbag.py:507} INFO - Filling up the DagBag from /home/luan/.local/lib/python3.8/site-packages/airflow/example_dags/plugins/workday.py
[2022-07-07 14:54:53,601] {processor.py:653} WARNING - No viable dags retrieved from /home/luan/.local/lib/python3.8/site-packages/airflow/example_dags/plugins/workday.py
[2022-07-07 14:54:53,650] {processor.py:161} INFO - Processing /home/luan/.local/lib/python3.8/site-packages/airflow/example_dags/plugins/workday.py took 0.057 seconds
[2022-07-07 14:54:57,130] {processor.py:153} INFO - Started process (PID=9613) to work on /home/luan/.local/lib/python3.8/site-packages/airflow/example_dags/plugins/workday.py
[2022-07-07 14:54:57,130] {processor.py:641} INFO - Processing file /home/luan/.local/lib/python3.8/site-packages/airflow/example_dags/plugins/workday.py for tasks to queue
[2022-07-07 14:54:57,131] {logging_mixin.py:115} INFO - [2022-07-07 14:54:57,131] {dagbag.py:507} INFO - Filling up the DagBag from /home/luan/.local/lib/python3.8/site-packages/airflow/example_dags/plugins/workday.py
[2022-07-07 14:54:57,133] {processor.py:653} WARNING - No viable dags retrieved from /home/luan/.local/lib/python3.8/site-packages/airflow/example_dags/plugins/workday.py
[2022-07-07 14:54:57,175] {processor.py:161} INFO - Processing /home/luan/.local/lib/python3.8/site-packages/airflow/example_dags/plugins/workday.py took 0.050 seconds
[2022-07-07 14:55:00,458] {processor.py:153} INFO - Started process (PID=9832) to work on /home/luan/.local/lib/python3.8/site-packages/airflow/example_dags/plugins/workday.py
[2022-07-07 14:55:00,458] {processor.py:641} INFO - Processing file /home/luan/.local/lib/python3.8/site-packages/airflow/example_dags/plugins/workday.py for tasks to queue
[2022-07-07 14:55:00,459] {logging_mixin.py:115} INFO - [2022-07-07 14:55:00,459] {dagbag.py:507} INFO - Filling up the DagBag from /home/luan/.local/lib/python3.8/site-packages/airflow/example_dags/plugins/workday.py
[2022-07-07 14:55:00,461] {processor.py:653} WARNING - No viable dags retrieved from /home/luan/.local/lib/python3.8/site-packages/airflow/example_dags/plugins/workday.py
[2022-07-07 14:55:00,494] {processor.py:161} INFO - Processing /home/luan/.local/lib/python3.8/site-packages/airflow/example_dags/plugins/workday.py took 0.041 seconds
[2022-07-07 14:55:03,945] {processor.py:153} INFO - Started process (PID=10046) to work on /home/luan/.local/lib/python3.8/site-packages/airflow/example_dags/plugins/workday.py
[2022-07-07 14:55:03,946] {processor.py:641} INFO - Processing file /home/luan/.local/lib/python3.8/site-packages/airflow/example_dags/plugins/workday.py for tasks to queue
[2022-07-07 14:55:03,947] {logging_mixin.py:115} INFO - [2022-07-07 14:55:03,947] {dagbag.py:507} INFO - Filling up the DagBag from /home/luan/.local/lib/python3.8/site-packages/airflow/example_dags/plugins/workday.py
[2022-07-07 14:55:03,952] {processor.py:653} WARNING - No viable dags retrieved from /home/luan/.local/lib/python3.8/site-packages/airflow/example_dags/plugins/workday.py
[2022-07-07 14:55:03,993] {processor.py:161} INFO - Processing /home/luan/.local/lib/python3.8/site-packages/airflow/example_dags/plugins/workday.py took 0.053 seconds
[2022-07-07 14:55:09,092] {processor.py:153} INFO - Started process (PID=10262) to work on /home/luan/.local/lib/python3.8/site-packages/airflow/example_dags/plugins/workday.py
[2022-07-07 14:55:09,095] {processor.py:641} INFO - Processing file /home/luan/.local/lib/python3.8/site-packages/airflow/example_dags/plugins/workday.py for tasks to queue
[2022-07-07 14:55:09,096] {logging_mixin.py:115} INFO - [2022-07-07 14:55:09,096] {dagbag.py:507} INFO - Filling up the DagBag from /home/luan/.local/lib/python3.8/site-packages/airflow/example_dags/plugins/workday.py
[2022-07-07 14:55:09,104] {processor.py:653} WARNING - No viable dags retrieved from /home/luan/.local/lib/python3.8/site-packages/airflow/example_dags/plugins/workday.py
[2022-07-07 14:55:09,171] {processor.py:161} INFO - Processing /home/luan/.local/lib/python3.8/site-packages/airflow/example_dags/plugins/workday.py took 0.084 seconds
[2022-07-07 14:55:13,021] {processor.py:153} INFO - Started process (PID=10478) to work on /home/luan/.local/lib/python3.8/site-packages/airflow/example_dags/plugins/workday.py
[2022-07-07 14:55:13,021] {processor.py:641} INFO - Processing file /home/luan/.local/lib/python3.8/site-packages/airflow/example_dags/plugins/workday.py for tasks to queue
[2022-07-07 14:55:13,022] {logging_mixin.py:115} INFO - [2022-07-07 14:55:13,022] {dagbag.py:507} INFO - Filling up the DagBag from /home/luan/.local/lib/python3.8/site-packages/airflow/example_dags/plugins/workday.py
[2022-07-07 14:55:13,024] {processor.py:653} WARNING - No viable dags retrieved from /home/luan/.local/lib/python3.8/site-packages/airflow/example_dags/plugins/workday.py
[2022-07-07 14:55:13,067] {processor.py:161} INFO - Processing /home/luan/.local/lib/python3.8/site-packages/airflow/example_dags/plugins/workday.py took 0.051 seconds
[2022-07-07 14:55:16,689] {processor.py:153} INFO - Started process (PID=10703) to work on /home/luan/.local/lib/python3.8/site-packages/airflow/example_dags/plugins/workday.py
[2022-07-07 14:55:16,689] {processor.py:641} INFO - Processing file /home/luan/.local/lib/python3.8/site-packages/airflow/example_dags/plugins/workday.py for tasks to queue
[2022-07-07 14:55:16,690] {logging_mixin.py:115} INFO - [2022-07-07 14:55:16,690] {dagbag.py:507} INFO - Filling up the DagBag from /home/luan/.local/lib/python3.8/site-packages/airflow/example_dags/plugins/workday.py
[2022-07-07 14:55:16,692] {processor.py:653} WARNING - No viable dags retrieved from /home/luan/.local/lib/python3.8/site-packages/airflow/example_dags/plugins/workday.py
[2022-07-07 14:55:16,734] {processor.py:161} INFO - Processing /home/luan/.local/lib/python3.8/site-packages/airflow/example_dags/plugins/workday.py took 0.050 seconds
[2022-07-07 14:55:19,821] {processor.py:153} INFO - Started process (PID=10922) to work on /home/luan/.local/lib/python3.8/site-packages/airflow/example_dags/plugins/workday.py
[2022-07-07 14:55:19,822] {processor.py:641} INFO - Processing file /home/luan/.local/lib/python3.8/site-packages/airflow/example_dags/plugins/workday.py for tasks to queue
[2022-07-07 14:55:19,822] {logging_mixin.py:115} INFO - [2022-07-07 14:55:19,822] {dagbag.py:507} INFO - Filling up the DagBag from /home/luan/.local/lib/python3.8/site-packages/airflow/example_dags/plugins/workday.py
[2022-07-07 14:55:19,824] {processor.py:653} WARNING - No viable dags retrieved from /home/luan/.local/lib/python3.8/site-packages/airflow/example_dags/plugins/workday.py
[2022-07-07 14:55:19,876] {processor.py:161} INFO - Processing /home/luan/.local/lib/python3.8/site-packages/airflow/example_dags/plugins/workday.py took 0.061 seconds
[2022-07-07 14:55:22,858] {processor.py:153} INFO - Started process (PID=11141) to work on /home/luan/.local/lib/python3.8/site-packages/airflow/example_dags/plugins/workday.py
[2022-07-07 14:55:22,858] {processor.py:641} INFO - Processing file /home/luan/.local/lib/python3.8/site-packages/airflow/example_dags/plugins/workday.py for tasks to queue
[2022-07-07 14:55:22,859] {logging_mixin.py:115} INFO - [2022-07-07 14:55:22,859] {dagbag.py:507} INFO - Filling up the DagBag from /home/luan/.local/lib/python3.8/site-packages/airflow/example_dags/plugins/workday.py
[2022-07-07 14:55:22,861] {processor.py:653} WARNING - No viable dags retrieved from /home/luan/.local/lib/python3.8/site-packages/airflow/example_dags/plugins/workday.py
[2022-07-07 14:55:22,904] {processor.py:161} INFO - Processing /home/luan/.local/lib/python3.8/site-packages/airflow/example_dags/plugins/workday.py took 0.050 seconds
[2022-07-07 14:55:25,970] {processor.py:153} INFO - Started process (PID=11355) to work on /home/luan/.local/lib/python3.8/site-packages/airflow/example_dags/plugins/workday.py
[2022-07-07 14:55:25,971] {processor.py:641} INFO - Processing file /home/luan/.local/lib/python3.8/site-packages/airflow/example_dags/plugins/workday.py for tasks to queue
[2022-07-07 14:55:25,972] {logging_mixin.py:115} INFO - [2022-07-07 14:55:25,971] {dagbag.py:507} INFO - Filling up the DagBag from /home/luan/.local/lib/python3.8/site-packages/airflow/example_dags/plugins/workday.py
[2022-07-07 14:55:25,975] {processor.py:653} WARNING - No viable dags retrieved from /home/luan/.local/lib/python3.8/site-packages/airflow/example_dags/plugins/workday.py
[2022-07-07 14:55:26,036] {processor.py:161} INFO - Processing /home/luan/.local/lib/python3.8/site-packages/airflow/example_dags/plugins/workday.py took 0.071 seconds
[2022-07-07 14:55:29,682] {processor.py:153} INFO - Started process (PID=11574) to work on /home/luan/.local/lib/python3.8/site-packages/airflow/example_dags/plugins/workday.py
[2022-07-07 14:55:29,683] {processor.py:641} INFO - Processing file /home/luan/.local/lib/python3.8/site-packages/airflow/example_dags/plugins/workday.py for tasks to queue
[2022-07-07 14:55:29,684] {logging_mixin.py:115} INFO - [2022-07-07 14:55:29,684] {dagbag.py:507} INFO - Filling up the DagBag from /home/luan/.local/lib/python3.8/site-packages/airflow/example_dags/plugins/workday.py
[2022-07-07 14:55:29,687] {processor.py:653} WARNING - No viable dags retrieved from /home/luan/.local/lib/python3.8/site-packages/airflow/example_dags/plugins/workday.py
[2022-07-07 14:55:29,739] {processor.py:161} INFO - Processing /home/luan/.local/lib/python3.8/site-packages/airflow/example_dags/plugins/workday.py took 0.061 seconds
[2022-07-07 14:55:33,263] {processor.py:153} INFO - Started process (PID=11788) to work on /home/luan/.local/lib/python3.8/site-packages/airflow/example_dags/plugins/workday.py
[2022-07-07 14:55:33,264] {processor.py:641} INFO - Processing file /home/luan/.local/lib/python3.8/site-packages/airflow/example_dags/plugins/workday.py for tasks to queue
[2022-07-07 14:55:33,265] {logging_mixin.py:115} INFO - [2022-07-07 14:55:33,265] {dagbag.py:507} INFO - Filling up the DagBag from /home/luan/.local/lib/python3.8/site-packages/airflow/example_dags/plugins/workday.py
[2022-07-07 14:55:33,268] {processor.py:653} WARNING - No viable dags retrieved from /home/luan/.local/lib/python3.8/site-packages/airflow/example_dags/plugins/workday.py
[2022-07-07 14:55:33,318] {processor.py:161} INFO - Processing /home/luan/.local/lib/python3.8/site-packages/airflow/example_dags/plugins/workday.py took 0.063 seconds
[2022-07-07 14:55:36,663] {processor.py:153} INFO - Started process (PID=12001) to work on /home/luan/.local/lib/python3.8/site-packages/airflow/example_dags/plugins/workday.py
[2022-07-07 14:55:36,663] {processor.py:641} INFO - Processing file /home/luan/.local/lib/python3.8/site-packages/airflow/example_dags/plugins/workday.py for tasks to queue
[2022-07-07 14:55:36,664] {logging_mixin.py:115} INFO - [2022-07-07 14:55:36,663] {dagbag.py:507} INFO - Filling up the DagBag from /home/luan/.local/lib/python3.8/site-packages/airflow/example_dags/plugins/workday.py
[2022-07-07 14:55:36,665] {processor.py:653} WARNING - No viable dags retrieved from /home/luan/.local/lib/python3.8/site-packages/airflow/example_dags/plugins/workday.py
[2022-07-07 14:55:36,701] {processor.py:161} INFO - Processing /home/luan/.local/lib/python3.8/site-packages/airflow/example_dags/plugins/workday.py took 0.042 seconds
[2022-07-07 14:55:41,613] {processor.py:153} INFO - Started process (PID=12220) to work on /home/luan/.local/lib/python3.8/site-packages/airflow/example_dags/plugins/workday.py
[2022-07-07 14:55:41,614] {processor.py:641} INFO - Processing file /home/luan/.local/lib/python3.8/site-packages/airflow/example_dags/plugins/workday.py for tasks to queue
[2022-07-07 14:55:41,615] {logging_mixin.py:115} INFO - [2022-07-07 14:55:41,614] {dagbag.py:507} INFO - Filling up the DagBag from /home/luan/.local/lib/python3.8/site-packages/airflow/example_dags/plugins/workday.py
[2022-07-07 14:55:41,619] {processor.py:653} WARNING - No viable dags retrieved from /home/luan/.local/lib/python3.8/site-packages/airflow/example_dags/plugins/workday.py
[2022-07-07 14:55:41,708] {processor.py:161} INFO - Processing /home/luan/.local/lib/python3.8/site-packages/airflow/example_dags/plugins/workday.py took 0.100 seconds
[2022-07-07 14:55:48,666] {processor.py:153} INFO - Started process (PID=12437) to work on /home/luan/.local/lib/python3.8/site-packages/airflow/example_dags/plugins/workday.py
[2022-07-07 14:55:48,670] {processor.py:641} INFO - Processing file /home/luan/.local/lib/python3.8/site-packages/airflow/example_dags/plugins/workday.py for tasks to queue
[2022-07-07 14:55:48,671] {logging_mixin.py:115} INFO - [2022-07-07 14:55:48,671] {dagbag.py:507} INFO - Filling up the DagBag from /home/luan/.local/lib/python3.8/site-packages/airflow/example_dags/plugins/workday.py
[2022-07-07 14:55:48,674] {processor.py:653} WARNING - No viable dags retrieved from /home/luan/.local/lib/python3.8/site-packages/airflow/example_dags/plugins/workday.py
[2022-07-07 14:55:48,771] {processor.py:161} INFO - Processing /home/luan/.local/lib/python3.8/site-packages/airflow/example_dags/plugins/workday.py took 0.131 seconds
[2022-07-07 14:55:56,542] {processor.py:153} INFO - Started process (PID=12658) to work on /home/luan/.local/lib/python3.8/site-packages/airflow/example_dags/plugins/workday.py
[2022-07-07 14:55:56,542] {processor.py:641} INFO - Processing file /home/luan/.local/lib/python3.8/site-packages/airflow/example_dags/plugins/workday.py for tasks to queue
[2022-07-07 14:55:56,543] {logging_mixin.py:115} INFO - [2022-07-07 14:55:56,543] {dagbag.py:507} INFO - Filling up the DagBag from /home/luan/.local/lib/python3.8/site-packages/airflow/example_dags/plugins/workday.py
[2022-07-07 14:55:56,546] {processor.py:653} WARNING - No viable dags retrieved from /home/luan/.local/lib/python3.8/site-packages/airflow/example_dags/plugins/workday.py
[2022-07-07 14:55:56,611] {processor.py:161} INFO - Processing /home/luan/.local/lib/python3.8/site-packages/airflow/example_dags/plugins/workday.py took 0.085 seconds
[2022-07-07 14:56:01,985] {processor.py:153} INFO - Started process (PID=12882) to work on /home/luan/.local/lib/python3.8/site-packages/airflow/example_dags/plugins/workday.py
[2022-07-07 14:56:01,985] {processor.py:641} INFO - Processing file /home/luan/.local/lib/python3.8/site-packages/airflow/example_dags/plugins/workday.py for tasks to queue
[2022-07-07 14:56:01,986] {logging_mixin.py:115} INFO - [2022-07-07 14:56:01,986] {dagbag.py:507} INFO - Filling up the DagBag from /home/luan/.local/lib/python3.8/site-packages/airflow/example_dags/plugins/workday.py
[2022-07-07 14:56:01,989] {processor.py:653} WARNING - No viable dags retrieved from /home/luan/.local/lib/python3.8/site-packages/airflow/example_dags/plugins/workday.py
[2022-07-07 14:56:02,052] {processor.py:161} INFO - Processing /home/luan/.local/lib/python3.8/site-packages/airflow/example_dags/plugins/workday.py took 0.079 seconds
[2022-07-07 14:56:06,134] {processor.py:153} INFO - Started process (PID=13098) to work on /home/luan/.local/lib/python3.8/site-packages/airflow/example_dags/plugins/workday.py
[2022-07-07 14:56:06,135] {processor.py:641} INFO - Processing file /home/luan/.local/lib/python3.8/site-packages/airflow/example_dags/plugins/workday.py for tasks to queue
[2022-07-07 14:56:06,135] {logging_mixin.py:115} INFO - [2022-07-07 14:56:06,135] {dagbag.py:507} INFO - Filling up the DagBag from /home/luan/.local/lib/python3.8/site-packages/airflow/example_dags/plugins/workday.py
[2022-07-07 14:56:06,142] {processor.py:653} WARNING - No viable dags retrieved from /home/luan/.local/lib/python3.8/site-packages/airflow/example_dags/plugins/workday.py
[2022-07-07 14:56:06,186] {processor.py:161} INFO - Processing /home/luan/.local/lib/python3.8/site-packages/airflow/example_dags/plugins/workday.py took 0.057 seconds
[2022-07-07 14:56:09,786] {processor.py:153} INFO - Started process (PID=13314) to work on /home/luan/.local/lib/python3.8/site-packages/airflow/example_dags/plugins/workday.py
[2022-07-07 14:56:09,786] {processor.py:641} INFO - Processing file /home/luan/.local/lib/python3.8/site-packages/airflow/example_dags/plugins/workday.py for tasks to queue
[2022-07-07 14:56:09,787] {logging_mixin.py:115} INFO - [2022-07-07 14:56:09,787] {dagbag.py:507} INFO - Filling up the DagBag from /home/luan/.local/lib/python3.8/site-packages/airflow/example_dags/plugins/workday.py
[2022-07-07 14:56:09,800] {processor.py:653} WARNING - No viable dags retrieved from /home/luan/.local/lib/python3.8/site-packages/airflow/example_dags/plugins/workday.py
[2022-07-07 14:56:09,893] {processor.py:161} INFO - Processing /home/luan/.local/lib/python3.8/site-packages/airflow/example_dags/plugins/workday.py took 0.140 seconds
[2022-07-07 14:56:13,149] {processor.py:153} INFO - Started process (PID=13530) to work on /home/luan/.local/lib/python3.8/site-packages/airflow/example_dags/plugins/workday.py
[2022-07-07 14:56:13,150] {processor.py:641} INFO - Processing file /home/luan/.local/lib/python3.8/site-packages/airflow/example_dags/plugins/workday.py for tasks to queue
[2022-07-07 14:56:13,151] {logging_mixin.py:115} INFO - [2022-07-07 14:56:13,151] {dagbag.py:507} INFO - Filling up the DagBag from /home/luan/.local/lib/python3.8/site-packages/airflow/example_dags/plugins/workday.py
[2022-07-07 14:56:13,153] {processor.py:653} WARNING - No viable dags retrieved from /home/luan/.local/lib/python3.8/site-packages/airflow/example_dags/plugins/workday.py
[2022-07-07 14:56:13,201] {processor.py:161} INFO - Processing /home/luan/.local/lib/python3.8/site-packages/airflow/example_dags/plugins/workday.py took 0.058 seconds
[2022-07-07 14:56:17,041] {processor.py:153} INFO - Started process (PID=13747) to work on /home/luan/.local/lib/python3.8/site-packages/airflow/example_dags/plugins/workday.py
[2022-07-07 14:56:17,042] {processor.py:641} INFO - Processing file /home/luan/.local/lib/python3.8/site-packages/airflow/example_dags/plugins/workday.py for tasks to queue
[2022-07-07 14:56:17,042] {logging_mixin.py:115} INFO - [2022-07-07 14:56:17,042] {dagbag.py:507} INFO - Filling up the DagBag from /home/luan/.local/lib/python3.8/site-packages/airflow/example_dags/plugins/workday.py
[2022-07-07 14:56:17,045] {processor.py:653} WARNING - No viable dags retrieved from /home/luan/.local/lib/python3.8/site-packages/airflow/example_dags/plugins/workday.py
[2022-07-07 14:56:17,095] {processor.py:161} INFO - Processing /home/luan/.local/lib/python3.8/site-packages/airflow/example_dags/plugins/workday.py took 0.059 seconds
[2022-07-07 14:56:20,611] {processor.py:153} INFO - Started process (PID=13969) to work on /home/luan/.local/lib/python3.8/site-packages/airflow/example_dags/plugins/workday.py
[2022-07-07 14:56:20,612] {processor.py:641} INFO - Processing file /home/luan/.local/lib/python3.8/site-packages/airflow/example_dags/plugins/workday.py for tasks to queue
[2022-07-07 14:56:20,613] {logging_mixin.py:115} INFO - [2022-07-07 14:56:20,612] {dagbag.py:507} INFO - Filling up the DagBag from /home/luan/.local/lib/python3.8/site-packages/airflow/example_dags/plugins/workday.py
[2022-07-07 14:56:20,623] {processor.py:653} WARNING - No viable dags retrieved from /home/luan/.local/lib/python3.8/site-packages/airflow/example_dags/plugins/workday.py
[2022-07-07 14:56:20,676] {processor.py:161} INFO - Processing /home/luan/.local/lib/python3.8/site-packages/airflow/example_dags/plugins/workday.py took 0.070 seconds
[2022-07-07 14:56:23,656] {processor.py:153} INFO - Started process (PID=14187) to work on /home/luan/.local/lib/python3.8/site-packages/airflow/example_dags/plugins/workday.py
[2022-07-07 14:56:23,656] {processor.py:641} INFO - Processing file /home/luan/.local/lib/python3.8/site-packages/airflow/example_dags/plugins/workday.py for tasks to queue
[2022-07-07 14:56:23,660] {logging_mixin.py:115} INFO - [2022-07-07 14:56:23,660] {dagbag.py:507} INFO - Filling up the DagBag from /home/luan/.local/lib/python3.8/site-packages/airflow/example_dags/plugins/workday.py
[2022-07-07 14:56:23,662] {processor.py:653} WARNING - No viable dags retrieved from /home/luan/.local/lib/python3.8/site-packages/airflow/example_dags/plugins/workday.py
[2022-07-07 14:56:23,701] {processor.py:161} INFO - Processing /home/luan/.local/lib/python3.8/site-packages/airflow/example_dags/plugins/workday.py took 0.049 seconds
[2022-07-07 14:56:26,753] {processor.py:153} INFO - Started process (PID=14401) to work on /home/luan/.local/lib/python3.8/site-packages/airflow/example_dags/plugins/workday.py
[2022-07-07 14:56:26,753] {processor.py:641} INFO - Processing file /home/luan/.local/lib/python3.8/site-packages/airflow/example_dags/plugins/workday.py for tasks to queue
[2022-07-07 14:56:26,754] {logging_mixin.py:115} INFO - [2022-07-07 14:56:26,754] {dagbag.py:507} INFO - Filling up the DagBag from /home/luan/.local/lib/python3.8/site-packages/airflow/example_dags/plugins/workday.py
[2022-07-07 14:56:26,756] {processor.py:653} WARNING - No viable dags retrieved from /home/luan/.local/lib/python3.8/site-packages/airflow/example_dags/plugins/workday.py
[2022-07-07 14:56:26,793] {processor.py:161} INFO - Processing /home/luan/.local/lib/python3.8/site-packages/airflow/example_dags/plugins/workday.py took 0.044 seconds
[2022-07-07 14:56:29,985] {processor.py:153} INFO - Started process (PID=14624) to work on /home/luan/.local/lib/python3.8/site-packages/airflow/example_dags/plugins/workday.py
[2022-07-07 14:56:29,985] {processor.py:641} INFO - Processing file /home/luan/.local/lib/python3.8/site-packages/airflow/example_dags/plugins/workday.py for tasks to queue
[2022-07-07 14:56:29,986] {logging_mixin.py:115} INFO - [2022-07-07 14:56:29,986] {dagbag.py:507} INFO - Filling up the DagBag from /home/luan/.local/lib/python3.8/site-packages/airflow/example_dags/plugins/workday.py
[2022-07-07 14:56:29,988] {processor.py:653} WARNING - No viable dags retrieved from /home/luan/.local/lib/python3.8/site-packages/airflow/example_dags/plugins/workday.py
[2022-07-07 14:56:30,030] {processor.py:161} INFO - Processing /home/luan/.local/lib/python3.8/site-packages/airflow/example_dags/plugins/workday.py took 0.050 seconds
[2022-07-07 14:56:33,204] {processor.py:153} INFO - Started process (PID=14848) to work on /home/luan/.local/lib/python3.8/site-packages/airflow/example_dags/plugins/workday.py
[2022-07-07 14:56:33,204] {processor.py:641} INFO - Processing file /home/luan/.local/lib/python3.8/site-packages/airflow/example_dags/plugins/workday.py for tasks to queue
[2022-07-07 14:56:33,205] {logging_mixin.py:115} INFO - [2022-07-07 14:56:33,205] {dagbag.py:507} INFO - Filling up the DagBag from /home/luan/.local/lib/python3.8/site-packages/airflow/example_dags/plugins/workday.py
[2022-07-07 14:56:33,206] {processor.py:653} WARNING - No viable dags retrieved from /home/luan/.local/lib/python3.8/site-packages/airflow/example_dags/plugins/workday.py
[2022-07-07 14:56:33,243] {processor.py:161} INFO - Processing /home/luan/.local/lib/python3.8/site-packages/airflow/example_dags/plugins/workday.py took 0.043 seconds
[2022-07-07 14:56:36,194] {processor.py:153} INFO - Started process (PID=15059) to work on /home/luan/.local/lib/python3.8/site-packages/airflow/example_dags/plugins/workday.py
[2022-07-07 14:56:36,195] {processor.py:641} INFO - Processing file /home/luan/.local/lib/python3.8/site-packages/airflow/example_dags/plugins/workday.py for tasks to queue
[2022-07-07 14:56:36,196] {logging_mixin.py:115} INFO - [2022-07-07 14:56:36,195] {dagbag.py:507} INFO - Filling up the DagBag from /home/luan/.local/lib/python3.8/site-packages/airflow/example_dags/plugins/workday.py
[2022-07-07 14:56:36,199] {processor.py:653} WARNING - No viable dags retrieved from /home/luan/.local/lib/python3.8/site-packages/airflow/example_dags/plugins/workday.py
[2022-07-07 14:56:36,234] {processor.py:161} INFO - Processing /home/luan/.local/lib/python3.8/site-packages/airflow/example_dags/plugins/workday.py took 0.044 seconds
[2022-07-07 14:56:39,379] {processor.py:153} INFO - Started process (PID=15278) to work on /home/luan/.local/lib/python3.8/site-packages/airflow/example_dags/plugins/workday.py
[2022-07-07 14:56:39,380] {processor.py:641} INFO - Processing file /home/luan/.local/lib/python3.8/site-packages/airflow/example_dags/plugins/workday.py for tasks to queue
[2022-07-07 14:56:39,380] {logging_mixin.py:115} INFO - [2022-07-07 14:56:39,380] {dagbag.py:507} INFO - Filling up the DagBag from /home/luan/.local/lib/python3.8/site-packages/airflow/example_dags/plugins/workday.py
[2022-07-07 14:56:39,382] {processor.py:653} WARNING - No viable dags retrieved from /home/luan/.local/lib/python3.8/site-packages/airflow/example_dags/plugins/workday.py
[2022-07-07 14:56:39,415] {processor.py:161} INFO - Processing /home/luan/.local/lib/python3.8/site-packages/airflow/example_dags/plugins/workday.py took 0.040 seconds
[2022-07-07 14:56:42,479] {processor.py:153} INFO - Started process (PID=15493) to work on /home/luan/.local/lib/python3.8/site-packages/airflow/example_dags/plugins/workday.py
[2022-07-07 14:56:42,479] {processor.py:641} INFO - Processing file /home/luan/.local/lib/python3.8/site-packages/airflow/example_dags/plugins/workday.py for tasks to queue
[2022-07-07 14:56:42,479] {logging_mixin.py:115} INFO - [2022-07-07 14:56:42,479] {dagbag.py:507} INFO - Filling up the DagBag from /home/luan/.local/lib/python3.8/site-packages/airflow/example_dags/plugins/workday.py
[2022-07-07 14:56:42,481] {processor.py:653} WARNING - No viable dags retrieved from /home/luan/.local/lib/python3.8/site-packages/airflow/example_dags/plugins/workday.py
[2022-07-07 14:56:42,527] {processor.py:161} INFO - Processing /home/luan/.local/lib/python3.8/site-packages/airflow/example_dags/plugins/workday.py took 0.053 seconds
[2022-07-07 14:56:45,489] {processor.py:153} INFO - Started process (PID=15711) to work on /home/luan/.local/lib/python3.8/site-packages/airflow/example_dags/plugins/workday.py
[2022-07-07 14:56:45,490] {processor.py:641} INFO - Processing file /home/luan/.local/lib/python3.8/site-packages/airflow/example_dags/plugins/workday.py for tasks to queue
[2022-07-07 14:56:45,491] {logging_mixin.py:115} INFO - [2022-07-07 14:56:45,491] {dagbag.py:507} INFO - Filling up the DagBag from /home/luan/.local/lib/python3.8/site-packages/airflow/example_dags/plugins/workday.py
[2022-07-07 14:56:45,494] {processor.py:653} WARNING - No viable dags retrieved from /home/luan/.local/lib/python3.8/site-packages/airflow/example_dags/plugins/workday.py
[2022-07-07 14:56:45,527] {processor.py:161} INFO - Processing /home/luan/.local/lib/python3.8/site-packages/airflow/example_dags/plugins/workday.py took 0.041 seconds
[2022-07-07 14:56:48,484] {processor.py:153} INFO - Started process (PID=15927) to work on /home/luan/.local/lib/python3.8/site-packages/airflow/example_dags/plugins/workday.py
[2022-07-07 14:56:48,484] {processor.py:641} INFO - Processing file /home/luan/.local/lib/python3.8/site-packages/airflow/example_dags/plugins/workday.py for tasks to queue
[2022-07-07 14:56:48,485] {logging_mixin.py:115} INFO - [2022-07-07 14:56:48,485] {dagbag.py:507} INFO - Filling up the DagBag from /home/luan/.local/lib/python3.8/site-packages/airflow/example_dags/plugins/workday.py
[2022-07-07 14:56:48,488] {processor.py:653} WARNING - No viable dags retrieved from /home/luan/.local/lib/python3.8/site-packages/airflow/example_dags/plugins/workday.py
[2022-07-07 14:56:48,525] {processor.py:161} INFO - Processing /home/luan/.local/lib/python3.8/site-packages/airflow/example_dags/plugins/workday.py took 0.046 seconds
[2022-07-07 14:56:51,815] {processor.py:153} INFO - Started process (PID=16143) to work on /home/luan/.local/lib/python3.8/site-packages/airflow/example_dags/plugins/workday.py
[2022-07-07 14:56:51,817] {processor.py:641} INFO - Processing file /home/luan/.local/lib/python3.8/site-packages/airflow/example_dags/plugins/workday.py for tasks to queue
[2022-07-07 14:56:51,819] {logging_mixin.py:115} INFO - [2022-07-07 14:56:51,818] {dagbag.py:507} INFO - Filling up the DagBag from /home/luan/.local/lib/python3.8/site-packages/airflow/example_dags/plugins/workday.py
[2022-07-07 14:56:51,823] {processor.py:653} WARNING - No viable dags retrieved from /home/luan/.local/lib/python3.8/site-packages/airflow/example_dags/plugins/workday.py
[2022-07-07 14:56:51,880] {processor.py:161} INFO - Processing /home/luan/.local/lib/python3.8/site-packages/airflow/example_dags/plugins/workday.py took 0.070 seconds
[2022-07-07 14:56:54,877] {processor.py:153} INFO - Started process (PID=16359) to work on /home/luan/.local/lib/python3.8/site-packages/airflow/example_dags/plugins/workday.py
[2022-07-07 14:56:54,878] {processor.py:641} INFO - Processing file /home/luan/.local/lib/python3.8/site-packages/airflow/example_dags/plugins/workday.py for tasks to queue
[2022-07-07 14:56:54,878] {logging_mixin.py:115} INFO - [2022-07-07 14:56:54,878] {dagbag.py:507} INFO - Filling up the DagBag from /home/luan/.local/lib/python3.8/site-packages/airflow/example_dags/plugins/workday.py
[2022-07-07 14:56:54,880] {processor.py:653} WARNING - No viable dags retrieved from /home/luan/.local/lib/python3.8/site-packages/airflow/example_dags/plugins/workday.py
[2022-07-07 14:56:54,914] {processor.py:161} INFO - Processing /home/luan/.local/lib/python3.8/site-packages/airflow/example_dags/plugins/workday.py took 0.040 seconds
[2022-07-07 14:56:57,823] {processor.py:153} INFO - Started process (PID=16573) to work on /home/luan/.local/lib/python3.8/site-packages/airflow/example_dags/plugins/workday.py
[2022-07-07 14:56:57,824] {processor.py:641} INFO - Processing file /home/luan/.local/lib/python3.8/site-packages/airflow/example_dags/plugins/workday.py for tasks to queue
[2022-07-07 14:56:57,826] {logging_mixin.py:115} INFO - [2022-07-07 14:56:57,826] {dagbag.py:507} INFO - Filling up the DagBag from /home/luan/.local/lib/python3.8/site-packages/airflow/example_dags/plugins/workday.py
[2022-07-07 14:56:57,829] {processor.py:653} WARNING - No viable dags retrieved from /home/luan/.local/lib/python3.8/site-packages/airflow/example_dags/plugins/workday.py
[2022-07-07 14:56:57,863] {processor.py:161} INFO - Processing /home/luan/.local/lib/python3.8/site-packages/airflow/example_dags/plugins/workday.py took 0.046 seconds
[2022-07-07 14:57:02,208] {processor.py:153} INFO - Started process (PID=16792) to work on /home/luan/.local/lib/python3.8/site-packages/airflow/example_dags/plugins/workday.py
[2022-07-07 14:57:02,208] {processor.py:641} INFO - Processing file /home/luan/.local/lib/python3.8/site-packages/airflow/example_dags/plugins/workday.py for tasks to queue
[2022-07-07 14:57:02,209] {logging_mixin.py:115} INFO - [2022-07-07 14:57:02,209] {dagbag.py:507} INFO - Filling up the DagBag from /home/luan/.local/lib/python3.8/site-packages/airflow/example_dags/plugins/workday.py
[2022-07-07 14:57:02,211] {processor.py:653} WARNING - No viable dags retrieved from /home/luan/.local/lib/python3.8/site-packages/airflow/example_dags/plugins/workday.py
[2022-07-07 14:57:02,243] {processor.py:161} INFO - Processing /home/luan/.local/lib/python3.8/site-packages/airflow/example_dags/plugins/workday.py took 0.041 seconds
[2022-07-07 14:57:05,372] {processor.py:153} INFO - Started process (PID=17014) to work on /home/luan/.local/lib/python3.8/site-packages/airflow/example_dags/plugins/workday.py
[2022-07-07 14:57:05,373] {processor.py:641} INFO - Processing file /home/luan/.local/lib/python3.8/site-packages/airflow/example_dags/plugins/workday.py for tasks to queue
[2022-07-07 14:57:05,374] {logging_mixin.py:115} INFO - [2022-07-07 14:57:05,374] {dagbag.py:507} INFO - Filling up the DagBag from /home/luan/.local/lib/python3.8/site-packages/airflow/example_dags/plugins/workday.py
[2022-07-07 14:57:05,376] {processor.py:653} WARNING - No viable dags retrieved from /home/luan/.local/lib/python3.8/site-packages/airflow/example_dags/plugins/workday.py
[2022-07-07 14:57:05,417] {processor.py:161} INFO - Processing /home/luan/.local/lib/python3.8/site-packages/airflow/example_dags/plugins/workday.py took 0.049 seconds
[2022-07-07 14:57:08,569] {processor.py:153} INFO - Started process (PID=17235) to work on /home/luan/.local/lib/python3.8/site-packages/airflow/example_dags/plugins/workday.py
[2022-07-07 14:57:08,569] {processor.py:641} INFO - Processing file /home/luan/.local/lib/python3.8/site-packages/airflow/example_dags/plugins/workday.py for tasks to queue
[2022-07-07 14:57:08,569] {logging_mixin.py:115} INFO - [2022-07-07 14:57:08,569] {dagbag.py:507} INFO - Filling up the DagBag from /home/luan/.local/lib/python3.8/site-packages/airflow/example_dags/plugins/workday.py
[2022-07-07 14:57:08,571] {processor.py:653} WARNING - No viable dags retrieved from /home/luan/.local/lib/python3.8/site-packages/airflow/example_dags/plugins/workday.py
[2022-07-07 14:57:08,603] {processor.py:161} INFO - Processing /home/luan/.local/lib/python3.8/site-packages/airflow/example_dags/plugins/workday.py took 0.039 seconds
[2022-07-07 14:57:11,406] {processor.py:153} INFO - Started process (PID=17452) to work on /home/luan/.local/lib/python3.8/site-packages/airflow/example_dags/plugins/workday.py
[2022-07-07 14:57:11,408] {processor.py:641} INFO - Processing file /home/luan/.local/lib/python3.8/site-packages/airflow/example_dags/plugins/workday.py for tasks to queue
[2022-07-07 14:57:11,409] {logging_mixin.py:115} INFO - [2022-07-07 14:57:11,408] {dagbag.py:507} INFO - Filling up the DagBag from /home/luan/.local/lib/python3.8/site-packages/airflow/example_dags/plugins/workday.py
[2022-07-07 14:57:11,411] {processor.py:653} WARNING - No viable dags retrieved from /home/luan/.local/lib/python3.8/site-packages/airflow/example_dags/plugins/workday.py
[2022-07-07 14:57:11,453] {processor.py:161} INFO - Processing /home/luan/.local/lib/python3.8/site-packages/airflow/example_dags/plugins/workday.py took 0.052 seconds
[2022-07-07 14:57:14,568] {processor.py:153} INFO - Started process (PID=17666) to work on /home/luan/.local/lib/python3.8/site-packages/airflow/example_dags/plugins/workday.py
[2022-07-07 14:57:14,569] {processor.py:641} INFO - Processing file /home/luan/.local/lib/python3.8/site-packages/airflow/example_dags/plugins/workday.py for tasks to queue
[2022-07-07 14:57:14,570] {logging_mixin.py:115} INFO - [2022-07-07 14:57:14,570] {dagbag.py:507} INFO - Filling up the DagBag from /home/luan/.local/lib/python3.8/site-packages/airflow/example_dags/plugins/workday.py
[2022-07-07 14:57:14,572] {processor.py:653} WARNING - No viable dags retrieved from /home/luan/.local/lib/python3.8/site-packages/airflow/example_dags/plugins/workday.py
[2022-07-07 14:57:14,611] {processor.py:161} INFO - Processing /home/luan/.local/lib/python3.8/site-packages/airflow/example_dags/plugins/workday.py took 0.049 seconds
[2022-07-07 14:57:17,693] {processor.py:153} INFO - Started process (PID=17883) to work on /home/luan/.local/lib/python3.8/site-packages/airflow/example_dags/plugins/workday.py
[2022-07-07 14:57:17,694] {processor.py:641} INFO - Processing file /home/luan/.local/lib/python3.8/site-packages/airflow/example_dags/plugins/workday.py for tasks to queue
[2022-07-07 14:57:17,694] {logging_mixin.py:115} INFO - [2022-07-07 14:57:17,694] {dagbag.py:507} INFO - Filling up the DagBag from /home/luan/.local/lib/python3.8/site-packages/airflow/example_dags/plugins/workday.py
[2022-07-07 14:57:17,697] {processor.py:653} WARNING - No viable dags retrieved from /home/luan/.local/lib/python3.8/site-packages/airflow/example_dags/plugins/workday.py
[2022-07-07 14:57:17,751] {processor.py:161} INFO - Processing /home/luan/.local/lib/python3.8/site-packages/airflow/example_dags/plugins/workday.py took 0.064 seconds
[2022-07-07 14:57:20,764] {processor.py:153} INFO - Started process (PID=18103) to work on /home/luan/.local/lib/python3.8/site-packages/airflow/example_dags/plugins/workday.py
[2022-07-07 14:57:20,764] {processor.py:641} INFO - Processing file /home/luan/.local/lib/python3.8/site-packages/airflow/example_dags/plugins/workday.py for tasks to queue
[2022-07-07 14:57:20,765] {logging_mixin.py:115} INFO - [2022-07-07 14:57:20,765] {dagbag.py:507} INFO - Filling up the DagBag from /home/luan/.local/lib/python3.8/site-packages/airflow/example_dags/plugins/workday.py
[2022-07-07 14:57:20,767] {processor.py:653} WARNING - No viable dags retrieved from /home/luan/.local/lib/python3.8/site-packages/airflow/example_dags/plugins/workday.py
[2022-07-07 14:57:20,816] {processor.py:161} INFO - Processing /home/luan/.local/lib/python3.8/site-packages/airflow/example_dags/plugins/workday.py took 0.060 seconds
[2022-07-07 14:57:23,766] {processor.py:153} INFO - Started process (PID=18316) to work on /home/luan/.local/lib/python3.8/site-packages/airflow/example_dags/plugins/workday.py
[2022-07-07 14:57:23,766] {processor.py:641} INFO - Processing file /home/luan/.local/lib/python3.8/site-packages/airflow/example_dags/plugins/workday.py for tasks to queue
[2022-07-07 14:57:23,769] {logging_mixin.py:115} INFO - [2022-07-07 14:57:23,767] {dagbag.py:507} INFO - Filling up the DagBag from /home/luan/.local/lib/python3.8/site-packages/airflow/example_dags/plugins/workday.py
[2022-07-07 14:57:23,771] {processor.py:653} WARNING - No viable dags retrieved from /home/luan/.local/lib/python3.8/site-packages/airflow/example_dags/plugins/workday.py
[2022-07-07 14:57:23,821] {processor.py:161} INFO - Processing /home/luan/.local/lib/python3.8/site-packages/airflow/example_dags/plugins/workday.py took 0.060 seconds
[2022-07-07 14:57:26,996] {processor.py:153} INFO - Started process (PID=18535) to work on /home/luan/.local/lib/python3.8/site-packages/airflow/example_dags/plugins/workday.py
[2022-07-07 14:57:26,996] {processor.py:641} INFO - Processing file /home/luan/.local/lib/python3.8/site-packages/airflow/example_dags/plugins/workday.py for tasks to queue
[2022-07-07 14:57:26,997] {logging_mixin.py:115} INFO - [2022-07-07 14:57:26,997] {dagbag.py:507} INFO - Filling up the DagBag from /home/luan/.local/lib/python3.8/site-packages/airflow/example_dags/plugins/workday.py
[2022-07-07 14:57:27,000] {processor.py:653} WARNING - No viable dags retrieved from /home/luan/.local/lib/python3.8/site-packages/airflow/example_dags/plugins/workday.py
[2022-07-07 14:57:27,050] {processor.py:161} INFO - Processing /home/luan/.local/lib/python3.8/site-packages/airflow/example_dags/plugins/workday.py took 0.061 seconds
[2022-07-07 14:57:30,112] {processor.py:153} INFO - Started process (PID=18749) to work on /home/luan/.local/lib/python3.8/site-packages/airflow/example_dags/plugins/workday.py
[2022-07-07 14:57:30,113] {processor.py:641} INFO - Processing file /home/luan/.local/lib/python3.8/site-packages/airflow/example_dags/plugins/workday.py for tasks to queue
[2022-07-07 14:57:30,113] {logging_mixin.py:115} INFO - [2022-07-07 14:57:30,113] {dagbag.py:507} INFO - Filling up the DagBag from /home/luan/.local/lib/python3.8/site-packages/airflow/example_dags/plugins/workday.py
[2022-07-07 14:57:30,115] {processor.py:653} WARNING - No viable dags retrieved from /home/luan/.local/lib/python3.8/site-packages/airflow/example_dags/plugins/workday.py
[2022-07-07 14:57:30,150] {processor.py:161} INFO - Processing /home/luan/.local/lib/python3.8/site-packages/airflow/example_dags/plugins/workday.py took 0.042 seconds
[2022-07-07 14:57:33,210] {processor.py:153} INFO - Started process (PID=18968) to work on /home/luan/.local/lib/python3.8/site-packages/airflow/example_dags/plugins/workday.py
[2022-07-07 14:57:33,212] {processor.py:641} INFO - Processing file /home/luan/.local/lib/python3.8/site-packages/airflow/example_dags/plugins/workday.py for tasks to queue
[2022-07-07 14:57:33,212] {logging_mixin.py:115} INFO - [2022-07-07 14:57:33,212] {dagbag.py:507} INFO - Filling up the DagBag from /home/luan/.local/lib/python3.8/site-packages/airflow/example_dags/plugins/workday.py
[2022-07-07 14:57:33,214] {processor.py:653} WARNING - No viable dags retrieved from /home/luan/.local/lib/python3.8/site-packages/airflow/example_dags/plugins/workday.py
[2022-07-07 14:57:33,251] {processor.py:161} INFO - Processing /home/luan/.local/lib/python3.8/site-packages/airflow/example_dags/plugins/workday.py took 0.047 seconds
[2022-07-07 14:57:36,344] {processor.py:153} INFO - Started process (PID=19181) to work on /home/luan/.local/lib/python3.8/site-packages/airflow/example_dags/plugins/workday.py
[2022-07-07 14:57:36,345] {processor.py:641} INFO - Processing file /home/luan/.local/lib/python3.8/site-packages/airflow/example_dags/plugins/workday.py for tasks to queue
[2022-07-07 14:57:36,346] {logging_mixin.py:115} INFO - [2022-07-07 14:57:36,346] {dagbag.py:507} INFO - Filling up the DagBag from /home/luan/.local/lib/python3.8/site-packages/airflow/example_dags/plugins/workday.py
[2022-07-07 14:57:36,349] {processor.py:653} WARNING - No viable dags retrieved from /home/luan/.local/lib/python3.8/site-packages/airflow/example_dags/plugins/workday.py
[2022-07-07 14:57:36,403] {processor.py:161} INFO - Processing /home/luan/.local/lib/python3.8/site-packages/airflow/example_dags/plugins/workday.py took 0.069 seconds
[2022-07-07 14:57:39,889] {processor.py:153} INFO - Started process (PID=19404) to work on /home/luan/.local/lib/python3.8/site-packages/airflow/example_dags/plugins/workday.py
[2022-07-07 14:57:39,889] {processor.py:641} INFO - Processing file /home/luan/.local/lib/python3.8/site-packages/airflow/example_dags/plugins/workday.py for tasks to queue
[2022-07-07 14:57:39,890] {logging_mixin.py:115} INFO - [2022-07-07 14:57:39,889] {dagbag.py:507} INFO - Filling up the DagBag from /home/luan/.local/lib/python3.8/site-packages/airflow/example_dags/plugins/workday.py
[2022-07-07 14:57:39,891] {processor.py:653} WARNING - No viable dags retrieved from /home/luan/.local/lib/python3.8/site-packages/airflow/example_dags/plugins/workday.py
[2022-07-07 14:57:39,927] {processor.py:161} INFO - Processing /home/luan/.local/lib/python3.8/site-packages/airflow/example_dags/plugins/workday.py took 0.042 seconds
[2022-07-07 14:57:42,668] {processor.py:153} INFO - Started process (PID=19620) to work on /home/luan/.local/lib/python3.8/site-packages/airflow/example_dags/plugins/workday.py
[2022-07-07 14:57:42,669] {processor.py:641} INFO - Processing file /home/luan/.local/lib/python3.8/site-packages/airflow/example_dags/plugins/workday.py for tasks to queue
[2022-07-07 14:57:42,670] {logging_mixin.py:115} INFO - [2022-07-07 14:57:42,670] {dagbag.py:507} INFO - Filling up the DagBag from /home/luan/.local/lib/python3.8/site-packages/airflow/example_dags/plugins/workday.py
[2022-07-07 14:57:42,672] {processor.py:653} WARNING - No viable dags retrieved from /home/luan/.local/lib/python3.8/site-packages/airflow/example_dags/plugins/workday.py
[2022-07-07 14:57:42,708] {processor.py:161} INFO - Processing /home/luan/.local/lib/python3.8/site-packages/airflow/example_dags/plugins/workday.py took 0.050 seconds
[2022-07-07 14:57:45,420] {processor.py:153} INFO - Started process (PID=19835) to work on /home/luan/.local/lib/python3.8/site-packages/airflow/example_dags/plugins/workday.py
[2022-07-07 14:57:45,421] {processor.py:641} INFO - Processing file /home/luan/.local/lib/python3.8/site-packages/airflow/example_dags/plugins/workday.py for tasks to queue
[2022-07-07 14:57:45,422] {logging_mixin.py:115} INFO - [2022-07-07 14:57:45,421] {dagbag.py:507} INFO - Filling up the DagBag from /home/luan/.local/lib/python3.8/site-packages/airflow/example_dags/plugins/workday.py
[2022-07-07 14:57:45,424] {processor.py:653} WARNING - No viable dags retrieved from /home/luan/.local/lib/python3.8/site-packages/airflow/example_dags/plugins/workday.py
[2022-07-07 14:57:45,458] {processor.py:161} INFO - Processing /home/luan/.local/lib/python3.8/site-packages/airflow/example_dags/plugins/workday.py took 0.042 seconds
[2022-07-07 14:57:48,219] {processor.py:153} INFO - Started process (PID=20053) to work on /home/luan/.local/lib/python3.8/site-packages/airflow/example_dags/plugins/workday.py
[2022-07-07 14:57:48,220] {processor.py:641} INFO - Processing file /home/luan/.local/lib/python3.8/site-packages/airflow/example_dags/plugins/workday.py for tasks to queue
[2022-07-07 14:57:48,221] {logging_mixin.py:115} INFO - [2022-07-07 14:57:48,221] {dagbag.py:507} INFO - Filling up the DagBag from /home/luan/.local/lib/python3.8/site-packages/airflow/example_dags/plugins/workday.py
[2022-07-07 14:57:48,223] {processor.py:653} WARNING - No viable dags retrieved from /home/luan/.local/lib/python3.8/site-packages/airflow/example_dags/plugins/workday.py
[2022-07-07 14:57:48,263] {processor.py:161} INFO - Processing /home/luan/.local/lib/python3.8/site-packages/airflow/example_dags/plugins/workday.py took 0.049 seconds
[2022-07-07 14:57:51,183] {processor.py:153} INFO - Started process (PID=20268) to work on /home/luan/.local/lib/python3.8/site-packages/airflow/example_dags/plugins/workday.py
[2022-07-07 14:57:51,183] {processor.py:641} INFO - Processing file /home/luan/.local/lib/python3.8/site-packages/airflow/example_dags/plugins/workday.py for tasks to queue
[2022-07-07 14:57:51,184] {logging_mixin.py:115} INFO - [2022-07-07 14:57:51,184] {dagbag.py:507} INFO - Filling up the DagBag from /home/luan/.local/lib/python3.8/site-packages/airflow/example_dags/plugins/workday.py
[2022-07-07 14:57:51,186] {processor.py:653} WARNING - No viable dags retrieved from /home/luan/.local/lib/python3.8/site-packages/airflow/example_dags/plugins/workday.py
[2022-07-07 14:57:51,226] {processor.py:161} INFO - Processing /home/luan/.local/lib/python3.8/site-packages/airflow/example_dags/plugins/workday.py took 0.048 seconds
[2022-07-07 14:57:54,745] {processor.py:153} INFO - Started process (PID=20485) to work on /home/luan/.local/lib/python3.8/site-packages/airflow/example_dags/plugins/workday.py
[2022-07-07 14:57:54,747] {processor.py:641} INFO - Processing file /home/luan/.local/lib/python3.8/site-packages/airflow/example_dags/plugins/workday.py for tasks to queue
[2022-07-07 14:57:54,748] {logging_mixin.py:115} INFO - [2022-07-07 14:57:54,748] {dagbag.py:507} INFO - Filling up the DagBag from /home/luan/.local/lib/python3.8/site-packages/airflow/example_dags/plugins/workday.py
[2022-07-07 14:57:54,752] {processor.py:653} WARNING - No viable dags retrieved from /home/luan/.local/lib/python3.8/site-packages/airflow/example_dags/plugins/workday.py
[2022-07-07 14:57:54,820] {processor.py:161} INFO - Processing /home/luan/.local/lib/python3.8/site-packages/airflow/example_dags/plugins/workday.py took 0.084 seconds
[2022-07-07 14:57:57,628] {processor.py:153} INFO - Started process (PID=20701) to work on /home/luan/.local/lib/python3.8/site-packages/airflow/example_dags/plugins/workday.py
[2022-07-07 14:57:57,629] {processor.py:641} INFO - Processing file /home/luan/.local/lib/python3.8/site-packages/airflow/example_dags/plugins/workday.py for tasks to queue
[2022-07-07 14:57:57,629] {logging_mixin.py:115} INFO - [2022-07-07 14:57:57,629] {dagbag.py:507} INFO - Filling up the DagBag from /home/luan/.local/lib/python3.8/site-packages/airflow/example_dags/plugins/workday.py
[2022-07-07 14:57:57,631] {processor.py:653} WARNING - No viable dags retrieved from /home/luan/.local/lib/python3.8/site-packages/airflow/example_dags/plugins/workday.py
[2022-07-07 14:57:57,665] {processor.py:161} INFO - Processing /home/luan/.local/lib/python3.8/site-packages/airflow/example_dags/plugins/workday.py took 0.041 seconds
[2022-07-07 14:58:00,574] {processor.py:153} INFO - Started process (PID=20916) to work on /home/luan/.local/lib/python3.8/site-packages/airflow/example_dags/plugins/workday.py
[2022-07-07 14:58:00,574] {processor.py:641} INFO - Processing file /home/luan/.local/lib/python3.8/site-packages/airflow/example_dags/plugins/workday.py for tasks to queue
[2022-07-07 14:58:00,575] {logging_mixin.py:115} INFO - [2022-07-07 14:58:00,575] {dagbag.py:507} INFO - Filling up the DagBag from /home/luan/.local/lib/python3.8/site-packages/airflow/example_dags/plugins/workday.py
[2022-07-07 14:58:00,578] {processor.py:653} WARNING - No viable dags retrieved from /home/luan/.local/lib/python3.8/site-packages/airflow/example_dags/plugins/workday.py
[2022-07-07 14:58:00,630] {processor.py:161} INFO - Processing /home/luan/.local/lib/python3.8/site-packages/airflow/example_dags/plugins/workday.py took 0.067 seconds
[2022-07-07 14:58:04,895] {processor.py:153} INFO - Started process (PID=21134) to work on /home/luan/.local/lib/python3.8/site-packages/airflow/example_dags/plugins/workday.py
[2022-07-07 14:58:04,895] {processor.py:641} INFO - Processing file /home/luan/.local/lib/python3.8/site-packages/airflow/example_dags/plugins/workday.py for tasks to queue
[2022-07-07 14:58:04,896] {logging_mixin.py:115} INFO - [2022-07-07 14:58:04,896] {dagbag.py:507} INFO - Filling up the DagBag from /home/luan/.local/lib/python3.8/site-packages/airflow/example_dags/plugins/workday.py
[2022-07-07 14:58:04,900] {processor.py:653} WARNING - No viable dags retrieved from /home/luan/.local/lib/python3.8/site-packages/airflow/example_dags/plugins/workday.py
[2022-07-07 14:58:04,938] {processor.py:161} INFO - Processing /home/luan/.local/lib/python3.8/site-packages/airflow/example_dags/plugins/workday.py took 0.048 seconds
[2022-07-07 14:58:08,537] {processor.py:153} INFO - Started process (PID=21350) to work on /home/luan/.local/lib/python3.8/site-packages/airflow/example_dags/plugins/workday.py
[2022-07-07 14:58:08,561] {processor.py:641} INFO - Processing file /home/luan/.local/lib/python3.8/site-packages/airflow/example_dags/plugins/workday.py for tasks to queue
[2022-07-07 14:58:08,562] {logging_mixin.py:115} INFO - [2022-07-07 14:58:08,562] {dagbag.py:507} INFO - Filling up the DagBag from /home/luan/.local/lib/python3.8/site-packages/airflow/example_dags/plugins/workday.py
[2022-07-07 14:58:08,564] {processor.py:653} WARNING - No viable dags retrieved from /home/luan/.local/lib/python3.8/site-packages/airflow/example_dags/plugins/workday.py
[2022-07-07 14:58:08,641] {processor.py:161} INFO - Processing /home/luan/.local/lib/python3.8/site-packages/airflow/example_dags/plugins/workday.py took 0.108 seconds
[2022-07-07 14:58:11,827] {processor.py:153} INFO - Started process (PID=21566) to work on /home/luan/.local/lib/python3.8/site-packages/airflow/example_dags/plugins/workday.py
[2022-07-07 14:58:11,827] {processor.py:641} INFO - Processing file /home/luan/.local/lib/python3.8/site-packages/airflow/example_dags/plugins/workday.py for tasks to queue
[2022-07-07 14:58:11,828] {logging_mixin.py:115} INFO - [2022-07-07 14:58:11,828] {dagbag.py:507} INFO - Filling up the DagBag from /home/luan/.local/lib/python3.8/site-packages/airflow/example_dags/plugins/workday.py
[2022-07-07 14:58:11,830] {processor.py:653} WARNING - No viable dags retrieved from /home/luan/.local/lib/python3.8/site-packages/airflow/example_dags/plugins/workday.py
[2022-07-07 14:58:11,865] {processor.py:161} INFO - Processing /home/luan/.local/lib/python3.8/site-packages/airflow/example_dags/plugins/workday.py took 0.041 seconds
[2022-07-07 14:58:15,415] {processor.py:153} INFO - Started process (PID=21789) to work on /home/luan/.local/lib/python3.8/site-packages/airflow/example_dags/plugins/workday.py
[2022-07-07 14:58:15,416] {processor.py:641} INFO - Processing file /home/luan/.local/lib/python3.8/site-packages/airflow/example_dags/plugins/workday.py for tasks to queue
[2022-07-07 14:58:15,417] {logging_mixin.py:115} INFO - [2022-07-07 14:58:15,416] {dagbag.py:507} INFO - Filling up the DagBag from /home/luan/.local/lib/python3.8/site-packages/airflow/example_dags/plugins/workday.py
[2022-07-07 14:58:15,422] {processor.py:653} WARNING - No viable dags retrieved from /home/luan/.local/lib/python3.8/site-packages/airflow/example_dags/plugins/workday.py
[2022-07-07 14:58:15,475] {processor.py:161} INFO - Processing /home/luan/.local/lib/python3.8/site-packages/airflow/example_dags/plugins/workday.py took 0.068 seconds
[2022-07-07 14:58:19,450] {processor.py:153} INFO - Started process (PID=22011) to work on /home/luan/.local/lib/python3.8/site-packages/airflow/example_dags/plugins/workday.py
[2022-07-07 14:58:19,451] {processor.py:641} INFO - Processing file /home/luan/.local/lib/python3.8/site-packages/airflow/example_dags/plugins/workday.py for tasks to queue
[2022-07-07 14:58:19,451] {logging_mixin.py:115} INFO - [2022-07-07 14:58:19,451] {dagbag.py:507} INFO - Filling up the DagBag from /home/luan/.local/lib/python3.8/site-packages/airflow/example_dags/plugins/workday.py
[2022-07-07 14:58:19,455] {processor.py:653} WARNING - No viable dags retrieved from /home/luan/.local/lib/python3.8/site-packages/airflow/example_dags/plugins/workday.py
[2022-07-07 14:58:19,501] {processor.py:161} INFO - Processing /home/luan/.local/lib/python3.8/site-packages/airflow/example_dags/plugins/workday.py took 0.056 seconds
[2022-07-07 14:58:23,096] {processor.py:153} INFO - Started process (PID=22229) to work on /home/luan/.local/lib/python3.8/site-packages/airflow/example_dags/plugins/workday.py
[2022-07-07 14:58:23,097] {processor.py:641} INFO - Processing file /home/luan/.local/lib/python3.8/site-packages/airflow/example_dags/plugins/workday.py for tasks to queue
[2022-07-07 14:58:23,098] {logging_mixin.py:115} INFO - [2022-07-07 14:58:23,098] {dagbag.py:507} INFO - Filling up the DagBag from /home/luan/.local/lib/python3.8/site-packages/airflow/example_dags/plugins/workday.py
[2022-07-07 14:58:23,101] {processor.py:653} WARNING - No viable dags retrieved from /home/luan/.local/lib/python3.8/site-packages/airflow/example_dags/plugins/workday.py
[2022-07-07 14:58:23,158] {processor.py:161} INFO - Processing /home/luan/.local/lib/python3.8/site-packages/airflow/example_dags/plugins/workday.py took 0.071 seconds
[2022-07-07 14:58:26,589] {processor.py:153} INFO - Started process (PID=22443) to work on /home/luan/.local/lib/python3.8/site-packages/airflow/example_dags/plugins/workday.py
[2022-07-07 14:58:26,590] {processor.py:641} INFO - Processing file /home/luan/.local/lib/python3.8/site-packages/airflow/example_dags/plugins/workday.py for tasks to queue
[2022-07-07 14:58:26,591] {logging_mixin.py:115} INFO - [2022-07-07 14:58:26,591] {dagbag.py:507} INFO - Filling up the DagBag from /home/luan/.local/lib/python3.8/site-packages/airflow/example_dags/plugins/workday.py
[2022-07-07 14:58:26,594] {processor.py:653} WARNING - No viable dags retrieved from /home/luan/.local/lib/python3.8/site-packages/airflow/example_dags/plugins/workday.py
[2022-07-07 14:58:26,644] {processor.py:161} INFO - Processing /home/luan/.local/lib/python3.8/site-packages/airflow/example_dags/plugins/workday.py took 0.060 seconds
[2022-07-07 14:58:30,210] {processor.py:153} INFO - Started process (PID=22660) to work on /home/luan/.local/lib/python3.8/site-packages/airflow/example_dags/plugins/workday.py
[2022-07-07 14:58:30,210] {processor.py:641} INFO - Processing file /home/luan/.local/lib/python3.8/site-packages/airflow/example_dags/plugins/workday.py for tasks to queue
[2022-07-07 14:58:30,211] {logging_mixin.py:115} INFO - [2022-07-07 14:58:30,211] {dagbag.py:507} INFO - Filling up the DagBag from /home/luan/.local/lib/python3.8/site-packages/airflow/example_dags/plugins/workday.py
[2022-07-07 14:58:30,213] {processor.py:653} WARNING - No viable dags retrieved from /home/luan/.local/lib/python3.8/site-packages/airflow/example_dags/plugins/workday.py
[2022-07-07 14:58:30,248] {processor.py:161} INFO - Processing /home/luan/.local/lib/python3.8/site-packages/airflow/example_dags/plugins/workday.py took 0.042 seconds
[2022-07-07 14:58:33,708] {processor.py:153} INFO - Started process (PID=22876) to work on /home/luan/.local/lib/python3.8/site-packages/airflow/example_dags/plugins/workday.py
[2022-07-07 14:58:33,709] {processor.py:641} INFO - Processing file /home/luan/.local/lib/python3.8/site-packages/airflow/example_dags/plugins/workday.py for tasks to queue
[2022-07-07 14:58:33,709] {logging_mixin.py:115} INFO - [2022-07-07 14:58:33,709] {dagbag.py:507} INFO - Filling up the DagBag from /home/luan/.local/lib/python3.8/site-packages/airflow/example_dags/plugins/workday.py
[2022-07-07 14:58:33,711] {processor.py:653} WARNING - No viable dags retrieved from /home/luan/.local/lib/python3.8/site-packages/airflow/example_dags/plugins/workday.py
[2022-07-07 14:58:33,746] {processor.py:161} INFO - Processing /home/luan/.local/lib/python3.8/site-packages/airflow/example_dags/plugins/workday.py took 0.042 seconds
[2022-07-07 14:58:37,388] {processor.py:153} INFO - Started process (PID=23091) to work on /home/luan/.local/lib/python3.8/site-packages/airflow/example_dags/plugins/workday.py
[2022-07-07 14:58:37,389] {processor.py:641} INFO - Processing file /home/luan/.local/lib/python3.8/site-packages/airflow/example_dags/plugins/workday.py for tasks to queue
[2022-07-07 14:58:37,389] {logging_mixin.py:115} INFO - [2022-07-07 14:58:37,389] {dagbag.py:507} INFO - Filling up the DagBag from /home/luan/.local/lib/python3.8/site-packages/airflow/example_dags/plugins/workday.py
[2022-07-07 14:58:37,391] {processor.py:653} WARNING - No viable dags retrieved from /home/luan/.local/lib/python3.8/site-packages/airflow/example_dags/plugins/workday.py
[2022-07-07 14:58:37,428] {processor.py:161} INFO - Processing /home/luan/.local/lib/python3.8/site-packages/airflow/example_dags/plugins/workday.py took 0.043 seconds
[2022-07-07 14:58:41,168] {processor.py:153} INFO - Started process (PID=23310) to work on /home/luan/.local/lib/python3.8/site-packages/airflow/example_dags/plugins/workday.py
[2022-07-07 14:58:41,169] {processor.py:641} INFO - Processing file /home/luan/.local/lib/python3.8/site-packages/airflow/example_dags/plugins/workday.py for tasks to queue
[2022-07-07 14:58:41,170] {logging_mixin.py:115} INFO - [2022-07-07 14:58:41,169] {dagbag.py:507} INFO - Filling up the DagBag from /home/luan/.local/lib/python3.8/site-packages/airflow/example_dags/plugins/workday.py
[2022-07-07 14:58:41,171] {processor.py:653} WARNING - No viable dags retrieved from /home/luan/.local/lib/python3.8/site-packages/airflow/example_dags/plugins/workday.py
[2022-07-07 14:58:41,207] {processor.py:161} INFO - Processing /home/luan/.local/lib/python3.8/site-packages/airflow/example_dags/plugins/workday.py took 0.042 seconds
[2022-07-07 14:58:44,193] {processor.py:153} INFO - Started process (PID=23525) to work on /home/luan/.local/lib/python3.8/site-packages/airflow/example_dags/plugins/workday.py
[2022-07-07 14:58:44,210] {processor.py:641} INFO - Processing file /home/luan/.local/lib/python3.8/site-packages/airflow/example_dags/plugins/workday.py for tasks to queue
[2022-07-07 14:58:44,211] {logging_mixin.py:115} INFO - [2022-07-07 14:58:44,211] {dagbag.py:507} INFO - Filling up the DagBag from /home/luan/.local/lib/python3.8/site-packages/airflow/example_dags/plugins/workday.py
[2022-07-07 14:58:44,213] {processor.py:653} WARNING - No viable dags retrieved from /home/luan/.local/lib/python3.8/site-packages/airflow/example_dags/plugins/workday.py
[2022-07-07 14:58:44,243] {processor.py:161} INFO - Processing /home/luan/.local/lib/python3.8/site-packages/airflow/example_dags/plugins/workday.py took 0.054 seconds
[2022-07-07 14:58:47,227] {processor.py:153} INFO - Started process (PID=23741) to work on /home/luan/.local/lib/python3.8/site-packages/airflow/example_dags/plugins/workday.py
[2022-07-07 14:58:47,228] {processor.py:641} INFO - Processing file /home/luan/.local/lib/python3.8/site-packages/airflow/example_dags/plugins/workday.py for tasks to queue
[2022-07-07 14:58:47,229] {logging_mixin.py:115} INFO - [2022-07-07 14:58:47,229] {dagbag.py:507} INFO - Filling up the DagBag from /home/luan/.local/lib/python3.8/site-packages/airflow/example_dags/plugins/workday.py
[2022-07-07 14:58:47,233] {processor.py:653} WARNING - No viable dags retrieved from /home/luan/.local/lib/python3.8/site-packages/airflow/example_dags/plugins/workday.py
[2022-07-07 14:58:47,277] {processor.py:161} INFO - Processing /home/luan/.local/lib/python3.8/site-packages/airflow/example_dags/plugins/workday.py took 0.056 seconds
[2022-07-07 14:58:50,770] {processor.py:153} INFO - Started process (PID=23967) to work on /home/luan/.local/lib/python3.8/site-packages/airflow/example_dags/plugins/workday.py
[2022-07-07 14:58:50,771] {processor.py:641} INFO - Processing file /home/luan/.local/lib/python3.8/site-packages/airflow/example_dags/plugins/workday.py for tasks to queue
[2022-07-07 14:58:50,772] {logging_mixin.py:115} INFO - [2022-07-07 14:58:50,772] {dagbag.py:507} INFO - Filling up the DagBag from /home/luan/.local/lib/python3.8/site-packages/airflow/example_dags/plugins/workday.py
[2022-07-07 14:58:50,777] {processor.py:653} WARNING - No viable dags retrieved from /home/luan/.local/lib/python3.8/site-packages/airflow/example_dags/plugins/workday.py
[2022-07-07 14:58:50,826] {processor.py:161} INFO - Processing /home/luan/.local/lib/python3.8/site-packages/airflow/example_dags/plugins/workday.py took 0.060 seconds
[2022-07-07 14:58:54,401] {processor.py:153} INFO - Started process (PID=24193) to work on /home/luan/.local/lib/python3.8/site-packages/airflow/example_dags/plugins/workday.py
[2022-07-07 14:58:54,402] {processor.py:641} INFO - Processing file /home/luan/.local/lib/python3.8/site-packages/airflow/example_dags/plugins/workday.py for tasks to queue
[2022-07-07 14:58:54,402] {logging_mixin.py:115} INFO - [2022-07-07 14:58:54,402] {dagbag.py:507} INFO - Filling up the DagBag from /home/luan/.local/lib/python3.8/site-packages/airflow/example_dags/plugins/workday.py
[2022-07-07 14:58:54,404] {processor.py:653} WARNING - No viable dags retrieved from /home/luan/.local/lib/python3.8/site-packages/airflow/example_dags/plugins/workday.py
[2022-07-07 14:58:54,450] {processor.py:161} INFO - Processing /home/luan/.local/lib/python3.8/site-packages/airflow/example_dags/plugins/workday.py took 0.055 seconds
